****************************************************

Info:  Net Imp:/WORK/ALU_TOP_DW01_sub_0/CO is undriven.
Info:  Net Imp:/WORK/ALU_TOP_DW01_add_0/CO is undriven.
Info:  Net Imp:/WORK/ALU_TOP_DW01_add_1/CO is undriven.
Info:  Net Imp:/WORK/ALU_TOP_DW_div_uns_1/remainder[7] is undriven.
Info:  Net Imp:/WORK/ALU_TOP_DW_div_uns_1/remainder[6] is undriven.
Info:  Net Imp:/WORK/ALU_TOP_DW_div_uns_1/remainder[5] is undriven.
Info:  Net Imp:/WORK/ALU_TOP_DW_div_uns_1/remainder[4] is undriven.
Info:  Net Imp:/WORK/ALU_TOP_DW_div_uns_1/remainder[3] is undriven.
Info:  Net Imp:/WORK/ALU_TOP_DW_div_uns_1/remainder[2] is undriven.
Info:  Net Imp:/WORK/ALU_TOP_DW_div_uns_1/remainder[1] is undriven.
Info:  Net Imp:/WORK/ALU_TOP_DW_div_uns_1/remainder[0] is undriven.
Info:  Net Imp:/WORK/ALU_TOP_DW_div_uns_1/divide_by_0 is undriven.
Info:  guide_uniquify 121 (Line: 998)  Cannot find object "U1_ClkDiv/U12" in design 'SYS_TOP'.
Info:  SVF Operation 121 (Line: 998) - uniquify.  Status: rejected
Info:  guide_uniquify 121 (Line: 998)  Cannot find object "U0_ClkDiv/U12" in design 'SYS_TOP'.
Info:  guide_uniquify 141 (Line: 1166)  Cannot find object "U0_ALU/dp_cluster_0/mult_34" in design 'SYS_TOP'.
Info:  SVF Operation 141 (Line: 1166) - uniquify.  Status: rejected
Info:  guide_uniquify 142 (Line: 1170)  Cannot find object "U0_SYS_CTRL/dp_cluster_3/mult_add_1343_aco" in design 'SYS_TOP'.
Info:  SVF Operation 142 (Line: 1170) - uniquify.  Status: rejected
Info:  guide_uniquify 143 (Line: 1174)  Cannot find object "U0_SYS_CTRL/dp_cluster_2/mult_add_1357_aco" in design 'SYS_TOP'.
Info:  SVF Operation 143 (Line: 1174) - uniquify.  Status: rejected
Info:  guide_uniquify 144 (Line: 1178)  Cannot find object "U0_SYS_CTRL/dp_cluster_1/mult_add_1371_aco" in design 'SYS_TOP'.
Info:  SVF Operation 144 (Line: 1178) - uniquify.  Status: rejected
Info:  guide_uniquify 145 (Line: 1182)  Cannot find object "U0_SYS_CTRL/dp_cluster_0/mult_add_1385_aco" in design 'SYS_TOP'.
Info:  SVF Operation 145 (Line: 1182) - uniquify.  Status: rejected
Info:  guide_uniquify 146 (Line: 1186)  Cannot find object "U0_UART/RX_UART/u0/dp_cluster_1/mult_add_32_aco" in design 'SYS_TOP'.
Info:  SVF Operation 146 (Line: 1186) - uniquify.  Status: rejected
Info:  guide_uniquify 147 (Line: 1190)  Cannot find object "U0_UART/RX_UART/u0/dp_cluster_0/mult_add_37_aco" in design 'SYS_TOP'.
Info:  Pre-verification of Ref:/WORK/ALU_TOP/div_40 SUCCEEDED.
Info:  Pre-verification of Ref:/WORK/ALU_TOP/mult_34 SUCCEEDED.
Info:  Pre-verification of Ref:/WORK/System_CTRL/mult_add_1343_aco SUCCEEDED.
Info:  Pre-verification of Ref:/WORK/System_CTRL/mult_add_1357_aco SUCCEEDED.
Info:  Pre-verification of Ref:/WORK/System_CTRL/mult_add_1371_aco SUCCEEDED.
Info:  Pre-verification of Ref:/WORK/System_CTRL/mult_add_1385_aco SUCCEEDED.
Info:  Pre-verification of Ref:/WORK/EDGE_BIT_COUNTER/mult_add_32_aco SUCCEEDED.
Info:  Pre-verification of Ref:/WORK/EDGE_BIT_COUNTER/mult_add_37_aco SUCCEEDED.
****************************************************

