/opt/Synopsys/Synplify2015/auxx/gui/dv/dv_setup.tcl
/opt/Synopsys/Synplify2015/auxx/gui/syn/snpsSynProcs.tcl
/opt/Synopsys/Synplify2015/auxx/tcllib/lib/tcl8.5/tm.tcl
/opt/Synopsys/Synplify2015/auxx/tcllib/lib/tcl8.5/package.tcl
/opt/Synopsys/Synplify2015/auxx/gui/syn/layout/pkgIndex.tcl
/opt/Synopsys/Synplify2015/auxx/gui/common/strokes/pkgIndex.tcl
/opt/Synopsys/Synplify2015/auxx/gui/common/schematic/pkgIndex.tcl
/opt/Synopsys/Synplify2015/auxx/gui/common/qtcl/pkgIndex.tcl
/opt/Synopsys/Synplify2015/auxx/gui/common/acg/pkgIndex.tcl
/opt/Synopsys/Synplify2015/auxx/gui/common/setup/pkgIndex.tcl
/opt/Synopsys/Synplify2015/auxx/gui/common/misc/pkgIndex.tcl
/opt/Synopsys/Synplify2015/auxx/gui/common/view/pkgIndex.tcl
/opt/Synopsys/Synplify2015/auxx/gui/common/tq/pkgIndex.tcl
/opt/Synopsys/Synplify2015/auxx/gui/common/regressionToolkit/pkgIndex.tcl
/opt/Synopsys/Synplify2015/auxx/gui/common/select/pkgIndex.tcl
/opt/Synopsys/Synplify2015/auxx/gui/common/tcl-dp/pkgIndex.tcl
/opt/Synopsys/Synplify2015/auxx/gui/common/fanoutviewer/pkgIndex.tcl
/opt/Synopsys/Synplify2015/auxx/gui/common/tiledview/pkgIndex.tcl
/opt/Synopsys/Synplify2015/auxx/gui/common/table/pkgIndex.tcl
/opt/Synopsys/Synplify2015/auxx/gui/common/docBrowser/pkgIndex.tcl
/opt/Synopsys/Synplify2015/auxx/gui/common/pathinspector/pkgIndex.tcl
/opt/Synopsys/Synplify2015/auxx/gui/common/timing/pkgIndex.tcl
/opt/Synopsys/Synplify2015/auxx/gui/common/histogram/pkgIndex.tcl
/opt/Synopsys/Synplify2015/auxx/gui/common/palettegroup/pkgIndex.tcl
/opt/Synopsys/Synplify2015/auxx/gui/common/mrupalette/pkgIndex.tcl
/opt/Synopsys/Synplify2015/auxx/gui/common/dialogs/pkgIndex.tcl
/opt/Synopsys/Synplify2015/auxx/gui/common/opdlg/pkgIndex.tcl
/opt/Synopsys/Synplify2015/auxx/gui/common/layout/pkgIndex.tcl
/opt/Synopsys/Synplify2015/auxx/gui/common/commandform/pkgIndex.tcl
/opt/Synopsys/Synplify2015/auxx/gui/common/libviewer/pkgIndex.tcl
/opt/Synopsys/Synplify2015/auxx/gui/common/WindowFrameWork/pkgIndex.tcl
/opt/Synopsys/Synplify2015/auxx/gui/common/profiler/pkgIndex.tcl
/opt/Synopsys/Synplify2015/auxx/gui/common/highlight/pkgIndex.tcl
/opt/Synopsys/Synplify2015/auxx/gui/common/menus/pkgIndex.tcl
/opt/Synopsys/Synplify2015/auxx/gui/common/hierarchy/pkgIndex.tcl
/opt/Synopsys/Synplify2015/auxx/gui/dv/pkgIndex.tcl
/opt/Synopsys/Synplify2015/auxx/tcllib/snps_tcl/snpsTclPro/pkgIndex.tcl
/opt/Synopsys/Synplify2015/auxx/tcllib/snps_tcl/snpsTest/pkgIndex.tcl
/opt/Synopsys/Synplify2015/auxx/tcllib/snps_tcl/snpsUtils/pkgIndex.tcl
/opt/Synopsys/Synplify2015/auxx/tcllib/snps_tcl/pkgIndex.tcl
/opt/Synopsys/Synplify2015/auxx/tcllib/lib/tcl8.5/http1.0/pkgIndex.tcl
/opt/Synopsys/Synplify2015/auxx/tcllib/lib/tcl8.5/opt/pkgIndex.tcl
/opt/Synopsys/Synplify2015/auxx/tcllib/lib/tcl8.5/msgcat/pkgIndex.tcl
/opt/Synopsys/Synplify2015/auxx/tcllib/lib/tcl8.5/http/pkgIndex.tcl
/opt/Synopsys/Synplify2015/auxx/tcllib/lib/tcl8.5/reg/pkgIndex.tcl
/opt/Synopsys/Synplify2015/auxx/tcllib/lib/tcl8.5/dde/pkgIndex.tcl
/opt/Synopsys/Synplify2015/auxx/tcllib/lib/tcl8.5/platform/pkgIndex.tcl
/opt/Synopsys/Synplify2015/auxx/tcllib/lib/tcl8.5/tcltest/pkgIndex.tcl
/opt/Synopsys/Synplify2015/auxx/gui/common/setup/snpsCommonSetup.tcl
/opt/Synopsys/Synplify2015/auxx/gui/common/setup/snpsCustomize.tcl
/opt/Synopsys/Synplify2015/auxx/gui/common/setup/snpsProcheck.tcl
/opt/Synopsys/Synplify2015/auxx/gui/common/qtcl/.synopsys_qtcl.tcl
/opt/Synopsys/Synplify2015/auxx/gui/common/highlight/highlight.tcl
/opt/Synopsys/Synplify2015/auxx/gui/common/misc/base.tcl
/opt/Synopsys/Synplify2015/auxx/gui/common/misc/timing.tcl
/opt/Synopsys/Synplify2015/auxx/gui/common/misc/setting.tcl
/opt/Synopsys/Synplify2015/auxx/gui/common/misc/preset.tcl
/opt/Synopsys/Synplify2015/auxx/gui/common/WindowFrameWork/windowFrameWork.tcl
/opt/Synopsys/Synplify2015/auxx/gui/common/WindowFrameWork/skipBusyCursorCmdList.tcl
/opt/Synopsys/Synplify2015/auxx/gui/common/docBrowser/docBrowser.tcl
/opt/Synopsys/Synplify2015/auxx/tcllib/snps_tcl/snpsUtils/snpsUtils.tcl
/opt/Synopsys/Synplify2015/auxx/gui/common/dialogs/ObjectChooser.tcl
/opt/Synopsys/Synplify2015/auxx/gui/common/misc/DialogObjectChooser.tcl
/opt/Synopsys/Synplify2015/auxx/gui/common/dialogs/HistBinInformation.tcl
/opt/Synopsys/Synplify2015/auxx/gui/common/dialogs/HistBin1Information.tcl
/opt/Synopsys/Synplify2015/auxx/gui/common/dialogs/BinsOnlyInformation.tcl
/opt/Synopsys/Synplify2015/auxx/gui/common/dialogs/FileChooser.tcl
/opt/Synopsys/Synplify2015/auxx/gui/common/dialogs/PathPinSimpleInfo.tcl
/opt/Synopsys/Synplify2015/auxx/gui/common/dialogs/PathsBasicInfo.tcl
/opt/Synopsys/Synplify2015/auxx/gui/common/dialogs/PathsBasicSimpleInfo.tcl
/opt/Synopsys/Synplify2015/auxx/gui/common/dialogs/SlctOperationInfo.tcl
/opt/Synopsys/Synplify2015/auxx/gui/common/dialogs/ObjectListInfo.tcl
/opt/Synopsys/Synplify2015/auxx/gui/common/dialogs/FanInOutInfo.tcl
/opt/Synopsys/Synplify2015/auxx/gui/common/dialogs/NumberOfLevelsChooser.tcl
/opt/Synopsys/Synplify2015/auxx/gui/common/dialogs/WindowReuseInfo.tcl
/opt/Synopsys/Synplify2015/auxx/gui/common/dialogs/ReportOutputOptionInfo.tcl
/opt/Synopsys/Synplify2015/auxx/gui/common/setup/snpsCollections.tcl
/opt/Synopsys/Synplify2015/auxx/gui/common/dialogs/CompileLinkDesign.tcl
/opt/Synopsys/Synplify2015/auxx/gui/common/histogram/DialogEndpointSlack.tcl
/opt/Synopsys/Synplify2015/auxx/gui/common/histogram/DialogPathsSlack.tcl
/opt/Synopsys/Synplify2015/auxx/gui/common/histogram/DialogNetCapacitance.tcl
/opt/Synopsys/Synplify2015/auxx/gui/common/schematic/DialogPathSchematicFanInOut.tcl
/opt/Synopsys/Synplify2015/auxx/gui/common/schematic/DialogPathSchematicAddPaths.tcl
/home/IC/Projects/MY_SYSTEM/Backend/Synthesis/syn_script.tcl
/home/IC/Projects/MY_SYSTEM/RTL/ALU_Top.v
/home/IC/tsmc_fb_cl013g_sc/aci/sc-m/synopsys/scmetro_tsmc_cl013g_rvt_ss_1p08v_125c.db
/home/IC/tsmc_fb_cl013g_sc/aci/sc-m/synopsys/scmetro_tsmc_cl013g_rvt_tt_1p2v_25c.db
/home/IC/tsmc_fb_cl013g_sc/aci/sc-m/synopsys/scmetro_tsmc_cl013g_rvt_ff_1p32v_m40c.db
/home/IC/Projects/MY_SYSTEM/RTL/Bin_to_Gray.v
/home/IC/Projects/MY_SYSTEM/RTL/BIT_SYNC.v
/home/IC/Projects/MY_SYSTEM/RTL/CLK_DIV.v
/home/IC/Projects/MY_SYSTEM/RTL/CLK_GATE.v
/home/IC/Projects/MY_SYSTEM/RTL/Data_Samoling.v
/home/IC/Projects/MY_SYSTEM/RTL/DATA_SYNC.v
/home/IC/Projects/MY_SYSTEM/RTL/Deselizer.v
/home/IC/Projects/MY_SYSTEM/RTL/Edge_Bit_CNTR.v
/home/IC/Projects/MY_SYSTEM/RTL/FIFO.v
/home/IC/Projects/MY_SYSTEM/RTL/FIFO_MEM.v
/home/IC/Projects/MY_SYSTEM/RTL/FSM_TX.v
/home/IC/Projects/MY_SYSTEM/RTL/MUX_Divider.v
/home/IC/Projects/MY_SYSTEM/RTL/MUX_TX.v
/home/IC/Projects/MY_SYSTEM/RTL/Parity_Calc_TX.v
/home/IC/Projects/MY_SYSTEM/RTL/Parity_check.v
/home/IC/Projects/MY_SYSTEM/RTL/Pulse_Gen.v
/home/IC/Projects/MY_SYSTEM/RTL/Register_File.v
/home/IC/Projects/MY_SYSTEM/RTL/rptr_fifo.v
/home/IC/Projects/MY_SYSTEM/RTL/rptr_fifo_GRAYED.v
/home/IC/Projects/MY_SYSTEM/RTL/RST_SYNC.v
/home/IC/Projects/MY_SYSTEM/RTL/Serilizer_Tx.v
/home/IC/Projects/MY_SYSTEM/RTL/Stop_Chck.v
/home/IC/Projects/MY_SYSTEM/RTL/STRT_CHECK.v
/home/IC/Projects/MY_SYSTEM/RTL/SYS_CTRL.v
/home/IC/Projects/MY_SYSTEM/RTL/SYS_TOP.v
/home/IC/Projects/MY_SYSTEM/RTL/TOP_UART_RX.v
/home/IC/Projects/MY_SYSTEM/RTL/TOTAL_UART.v
/home/IC/Projects/MY_SYSTEM/RTL/UART_RX_FSM.v
/home/IC/Projects/MY_SYSTEM/RTL/UART_Tx_TOP.v
/home/IC/Projects/MY_SYSTEM/RTL/wptr_fifo.v
/home/IC/Projects/MY_SYSTEM/RTL/wptr_fifo_GRAYED.v
/opt/Synopsys/Synplify2015/libraries/syn/gtech.db
/opt/Synopsys/Synplify2015/libraries/syn/standard.sldb
/home/IC/Projects/MY_SYSTEM/Backend/Synthesis/cons.tcl
/home/IC/synopsys_cache_K-2015.06/DW01/DW01_inc/rpl/3/scmetro_tsmc_cl013g_rvt_ss_1p08v_125c_474/element.ddc
/home/IC/synopsys_cache_K-2015.06/DW01/DW01_inc/rpl/2/scmetro_tsmc_cl013g_rvt_ss_1p08v_125c_474/element.ddc
/home/IC/synopsys_cache_K-2015.06/DW01/DW01_cmp6/rpl/3/scmetro_tsmc_cl013g_rvt_ss_1p08v_125c_474/element.ddc
/home/IC/synopsys_cache_K-2015.06/DW01/DW01_inc/rpl/4/scmetro_tsmc_cl013g_rvt_ss_1p08v_125c_474/element.ddc
/home/IC/synopsys_cache_K-2015.06/DW01/DW01_cmp2/rpl/2/scmetro_tsmc_cl013g_rvt_ss_1p08v_125c_474/element.ddc
/home/IC/synopsys_cache_K-2015.06/DW01/DW01_cmp6/rpl/4/scmetro_tsmc_cl013g_rvt_ss_1p08v_125c_474/element.ddc
/home/IC/synopsys_cache_K-2015.06/DW01/DW01_cmp6/rpl/2/scmetro_tsmc_cl013g_rvt_ss_1p08v_125c_474/element.ddc
/home/IC/synopsys_cache_K-2015.06/DW02/DW_div_uns/rpl/8/8/scmetro_tsmc_cl013g_rvt_ss_1p08v_125c_474/element.ddc
/home/IC/synopsys_cache_K-2015.06/DW01/DW01_sub/rpl/9/scmetro_tsmc_cl013g_rvt_ss_1p08v_125c_474/element.ddc
/home/IC/synopsys_cache_K-2015.06/DW01/DW01_add/rpl/9/scmetro_tsmc_cl013g_rvt_ss_1p08v_125c_474/element.ddc
/home/IC/synopsys_cache_K-2015.06/DW01/DW01_cmp6/rpl/8/scmetro_tsmc_cl013g_rvt_ss_1p08v_125c_474/element.ddc
/home/IC/synopsys_cache_K-2015.06/DW01/DW01_cmp6/rpl/32/scmetro_tsmc_cl013g_rvt_ss_1p08v_125c_474/element.ddc
/home/IC/synopsys_cache_K-2015.06/DW01/DW01_dec/rpl/7/scmetro_tsmc_cl013g_rvt_ss_1p08v_125c_474/element.ddc
/home/IC/synopsys_cache_K-2015.06/DW01/DW01_cmp6/rpl/6/scmetro_tsmc_cl013g_rvt_ss_1p08v_125c_474/element.ddc
/home/IC/synopsys_cache_K-2015.06/DW01/DW01_inc/rpl/6/scmetro_tsmc_cl013g_rvt_ss_1p08v_125c_474/element.ddc
/home/IC/synopsys_cache_K-2015.06/DW01/DW01_dec/rpl/6/scmetro_tsmc_cl013g_rvt_ss_1p08v_125c_474/element.ddc
/home/IC/synopsys_cache_K-2015.06/DW01/DW01_inc/rpl/8/scmetro_tsmc_cl013g_rvt_ss_1p08v_125c_474/element.ddc
/home/IC/synopsys_cache_K-2015.06/DW01/DW01_cmp2/rpl/8/scmetro_tsmc_cl013g_rvt_ss_1p08v_125c_474/element.ddc
/home/IC/synopsys_cache_K-2015.06/DW02/DW02_mult/csa/8/8/scmetro_tsmc_cl013g_rvt_ss_1p08v_125c_474_8167_7363/element.ddc
/home/IC/synopsys_cache_K-2015.06/DW02/DW02_mult/csa/3/1/scmetro_tsmc_cl013g_rvt_ss_1p08v_125c_474_8167_7363/element.ddc
/home/IC/synopsys_cache_K-2015.06/DW01/DW01_inc/rpl/3/scmetro_tsmc_cl013g_rvt_ss_1p08v_125c_474_8167_7363/element.ddc
/home/IC/synopsys_cache_K-2015.06/DW02/DW02_mult/csa/4/1/scmetro_tsmc_cl013g_rvt_ss_1p08v_125c_474_8167_7363/element.ddc
/home/IC/synopsys_cache_K-2015.06/DW01/DW01_inc/rpl/4/scmetro_tsmc_cl013g_rvt_ss_1p08v_125c_474_8167_7363/element.ddc
/home/IC/synopsys_cache_K-2015.06/DW02/DW02_mult/csa/6/1/scmetro_tsmc_cl013g_rvt_ss_1p08v_125c_474_8167_7363/element.ddc
/home/IC/synopsys_cache_K-2015.06/DW01/DW01_inc/rpl/6/scmetro_tsmc_cl013g_rvt_ss_1p08v_125c_474_8167_7363/element.ddc
/home/IC/synopsys_cache_K-2015.06/DW02/DW02_mult/csa/8/8/scmetro_tsmc_cl013g_rvt_ss_1p08v_125c_474/element.ddc
/home/IC/synopsys_cache_K-2015.06/DW01/DW01_add/cla/14/scmetro_tsmc_cl013g_rvt_ss_1p08v_125c_474/element.ddc
/home/IC/synopsys_cache_K-2015.06/DW02/DW02_mult/csa/3/1/scmetro_tsmc_cl013g_rvt_ss_1p08v_125c_474/element.ddc
/home/IC/synopsys_cache_K-2015.06/DW02/DW02_mult/csa/4/1/scmetro_tsmc_cl013g_rvt_ss_1p08v_125c_474/element.ddc
/home/IC/synopsys_cache_K-2015.06/DW02/DW02_mult/csa/6/1/scmetro_tsmc_cl013g_rvt_ss_1p08v_125c_474/element.ddc
/home/IC/synopsys_cache_K-2015.06/DW02/DW_div_uns/rpl/8/8/scmetro_tsmc_cl013g_rvt_ss_1p08v_125c_474_8167_7363/element.ddc
/home/IC/synopsys_cache_K-2015.06/DW02/DW_div_uns/rpl/8/8/scmetro_tsmc_cl013g_rvt_ss_1p08v_125c_474/element.ddc
/home/IC/tsmc_fb_cl013g_sc/aci/sc-m/synopsys/scmetro_tsmc_cl013g_rvt_ss_1p08v_125c.db
/home/IC/tsmc_fb_cl013g_sc/aci/sc-m/synopsys/scmetro_tsmc_cl013g_rvt_tt_1p2v_25c.db
/home/IC/tsmc_fb_cl013g_sc/aci/sc-m/synopsys/scmetro_tsmc_cl013g_rvt_ff_1p32v_m40c.db
/home/IC/tsmc_fb_cl013g_sc/aci/sc-m/synopsys/scmetro_tsmc_cl013g_rvt_ss_1p08v_125c.db
