**************************************************
Report         : passing_points

Reference      : Ref:/WORK/SYS_TOP
Implementation : Imp:/WORK/SYS_TOP
Version        : L-2016.03-SP1
Date           : Sat Sep 30 03:11:58 2023
**************************************************

352 Passing compare points:

  Ref  LAT        Ref:/WORK/SYS_TOP/U0_CLK_GATE/U0
  Impl LAT        Imp:/WORK/SYS_TOP/U0_CLK_GATE/U0

  Ref  DFF        Ref:/WORK/SYS_TOP/U0_ALU/A_FF_reg[0]
  Impl DFF        Imp:/WORK/SYS_TOP/U0_ALU/A_FF_reg[0]

  Ref  DFF        Ref:/WORK/SYS_TOP/U0_ALU/A_FF_reg[1]
  Impl DFF        Imp:/WORK/SYS_TOP/U0_ALU/A_FF_reg[1]

  Ref  DFF        Ref:/WORK/SYS_TOP/U0_ALU/A_FF_reg[2]
  Impl DFF        Imp:/WORK/SYS_TOP/U0_ALU/A_FF_reg[2]

  Ref  DFF        Ref:/WORK/SYS_TOP/U0_ALU/A_FF_reg[3]
  Impl DFF        Imp:/WORK/SYS_TOP/U0_ALU/A_FF_reg[3]

  Ref  DFF        Ref:/WORK/SYS_TOP/U0_ALU/A_FF_reg[4]
  Impl DFF        Imp:/WORK/SYS_TOP/U0_ALU/A_FF_reg[4]

  Ref  DFF        Ref:/WORK/SYS_TOP/U0_ALU/A_FF_reg[5]
  Impl DFF        Imp:/WORK/SYS_TOP/U0_ALU/A_FF_reg[5]

  Ref  DFF        Ref:/WORK/SYS_TOP/U0_ALU/A_FF_reg[6]
  Impl DFF        Imp:/WORK/SYS_TOP/U0_ALU/A_FF_reg[6]

  Ref  DFF        Ref:/WORK/SYS_TOP/U0_ALU/A_FF_reg[7]
  Impl DFF        Imp:/WORK/SYS_TOP/U0_ALU/A_FF_reg[7]

  Ref  DFF        Ref:/WORK/SYS_TOP/U0_ALU/B_FF_reg[0]
  Impl DFF        Imp:/WORK/SYS_TOP/U0_ALU/B_FF_reg[0]

  Ref  DFF        Ref:/WORK/SYS_TOP/U0_ALU/B_FF_reg[1]
  Impl DFF        Imp:/WORK/SYS_TOP/U0_ALU/B_FF_reg[1]

  Ref  DFF        Ref:/WORK/SYS_TOP/U0_ALU/B_FF_reg[2]
  Impl DFF        Imp:/WORK/SYS_TOP/U0_ALU/B_FF_reg[2]

  Ref  DFF        Ref:/WORK/SYS_TOP/U0_ALU/B_FF_reg[3]
  Impl DFF        Imp:/WORK/SYS_TOP/U0_ALU/B_FF_reg[3]

  Ref  DFF        Ref:/WORK/SYS_TOP/U0_ALU/B_FF_reg[4]
  Impl DFF        Imp:/WORK/SYS_TOP/U0_ALU/B_FF_reg[4]

  Ref  DFF        Ref:/WORK/SYS_TOP/U0_ALU/B_FF_reg[5]
  Impl DFF        Imp:/WORK/SYS_TOP/U0_ALU/B_FF_reg[5]

  Ref  DFF        Ref:/WORK/SYS_TOP/U0_ALU/B_FF_reg[6]
  Impl DFF        Imp:/WORK/SYS_TOP/U0_ALU/B_FF_reg[6]

  Ref  DFF        Ref:/WORK/SYS_TOP/U0_ALU/B_FF_reg[7]
  Impl DFF        Imp:/WORK/SYS_TOP/U0_ALU/B_FF_reg[7]

  Ref  DFF        Ref:/WORK/SYS_TOP/U0_ClkDiv/div_CLK_FF_reg
  Impl DFF        Imp:/WORK/SYS_TOP/U0_ClkDiv/div_CLK_FF_reg

  Ref  DFF        Ref:/WORK/SYS_TOP/U0_ClkDiv/edge_count_reg[0]
  Impl DFF        Imp:/WORK/SYS_TOP/U0_ClkDiv/edge_count_reg[0]

  Ref  DFF        Ref:/WORK/SYS_TOP/U0_ClkDiv/edge_count_reg[1]
  Impl DFF        Imp:/WORK/SYS_TOP/U0_ClkDiv/edge_count_reg[1]

  Ref  DFF        Ref:/WORK/SYS_TOP/U0_ClkDiv/edge_count_reg[2]
  Impl DFF        Imp:/WORK/SYS_TOP/U0_ClkDiv/edge_count_reg[2]

  Ref  DFF        Ref:/WORK/SYS_TOP/U0_ClkDiv/edge_count_reg[3]
  Impl DFF        Imp:/WORK/SYS_TOP/U0_ClkDiv/edge_count_reg[3]

  Ref  DFF        Ref:/WORK/SYS_TOP/U0_ClkDiv/edge_count_reg[4]
  Impl DFF        Imp:/WORK/SYS_TOP/U0_ClkDiv/edge_count_reg[4]

  Ref  DFF        Ref:/WORK/SYS_TOP/U0_ClkDiv/edge_count_reg[5]
  Impl DFF        Imp:/WORK/SYS_TOP/U0_ClkDiv/edge_count_reg[5]

  Ref  DFF        Ref:/WORK/SYS_TOP/U0_ClkDiv/edge_count_reg[6]
  Impl DFF        Imp:/WORK/SYS_TOP/U0_ClkDiv/edge_count_reg[6]

  Ref  DFF        Ref:/WORK/SYS_TOP/U0_ClkDiv/edge_count_reg[7]
  Impl DFF        Imp:/WORK/SYS_TOP/U0_ClkDiv/edge_count_reg[7]

  Ref  DFF        Ref:/WORK/SYS_TOP/U0_PULSE_GEN/PG_FF_reg
  Impl DFF        Imp:/WORK/SYS_TOP/U0_PULSE_GEN/PG_FF_reg

  Ref  DFF        Ref:/WORK/SYS_TOP/U0_RST_SYNC/SYNC_RST_reg
  Impl DFF        Imp:/WORK/SYS_TOP/U0_RST_SYNC/SYNC_RST_reg

  Ref  DFF        Ref:/WORK/SYS_TOP/U0_RST_SYNC/SYN_FLOPS_reg[0]
  Impl DFF        Imp:/WORK/SYS_TOP/U0_RST_SYNC/SYN_FLOPS_reg[0]

  Ref  DFF        Ref:/WORK/SYS_TOP/U0_RST_SYNC/SYN_FLOPS_reg[1]
  Impl DFF        Imp:/WORK/SYS_TOP/U0_RST_SYNC/SYN_FLOPS_reg[1]

  Ref  DFF        Ref:/WORK/SYS_TOP/U0_RegFile/REG_MEM_reg[0][0]
  Impl DFF        Imp:/WORK/SYS_TOP/U0_RegFile/REG_MEM_reg[0][0]

  Ref  DFF        Ref:/WORK/SYS_TOP/U0_RegFile/REG_MEM_reg[0][1]
  Impl DFF        Imp:/WORK/SYS_TOP/U0_RegFile/REG_MEM_reg[0][1]

  Ref  DFF        Ref:/WORK/SYS_TOP/U0_RegFile/REG_MEM_reg[0][2]
  Impl DFF        Imp:/WORK/SYS_TOP/U0_RegFile/REG_MEM_reg[0][2]

  Ref  DFF        Ref:/WORK/SYS_TOP/U0_RegFile/REG_MEM_reg[0][3]
  Impl DFF        Imp:/WORK/SYS_TOP/U0_RegFile/REG_MEM_reg[0][3]

  Ref  DFF        Ref:/WORK/SYS_TOP/U0_RegFile/REG_MEM_reg[0][4]
  Impl DFF        Imp:/WORK/SYS_TOP/U0_RegFile/REG_MEM_reg[0][4]

  Ref  DFF        Ref:/WORK/SYS_TOP/U0_RegFile/REG_MEM_reg[0][5]
  Impl DFF        Imp:/WORK/SYS_TOP/U0_RegFile/REG_MEM_reg[0][5]

  Ref  DFF        Ref:/WORK/SYS_TOP/U0_RegFile/REG_MEM_reg[0][6]
  Impl DFF        Imp:/WORK/SYS_TOP/U0_RegFile/REG_MEM_reg[0][6]

  Ref  DFF        Ref:/WORK/SYS_TOP/U0_RegFile/REG_MEM_reg[0][7]
  Impl DFF        Imp:/WORK/SYS_TOP/U0_RegFile/REG_MEM_reg[0][7]

  Ref  DFF        Ref:/WORK/SYS_TOP/U0_RegFile/REG_MEM_reg[10][0]
  Impl DFF        Imp:/WORK/SYS_TOP/U0_RegFile/REG_MEM_reg[10][0]

  Ref  DFF        Ref:/WORK/SYS_TOP/U0_RegFile/REG_MEM_reg[10][1]
  Impl DFF        Imp:/WORK/SYS_TOP/U0_RegFile/REG_MEM_reg[10][1]

  Ref  DFF        Ref:/WORK/SYS_TOP/U0_RegFile/REG_MEM_reg[10][2]
  Impl DFF        Imp:/WORK/SYS_TOP/U0_RegFile/REG_MEM_reg[10][2]

  Ref  DFF        Ref:/WORK/SYS_TOP/U0_RegFile/REG_MEM_reg[10][3]
  Impl DFF        Imp:/WORK/SYS_TOP/U0_RegFile/REG_MEM_reg[10][3]

  Ref  DFF        Ref:/WORK/SYS_TOP/U0_RegFile/REG_MEM_reg[10][4]
  Impl DFF        Imp:/WORK/SYS_TOP/U0_RegFile/REG_MEM_reg[10][4]

  Ref  DFF        Ref:/WORK/SYS_TOP/U0_RegFile/REG_MEM_reg[10][5]
  Impl DFF        Imp:/WORK/SYS_TOP/U0_RegFile/REG_MEM_reg[10][5]

  Ref  DFF        Ref:/WORK/SYS_TOP/U0_RegFile/REG_MEM_reg[10][6]
  Impl DFF        Imp:/WORK/SYS_TOP/U0_RegFile/REG_MEM_reg[10][6]

  Ref  DFF        Ref:/WORK/SYS_TOP/U0_RegFile/REG_MEM_reg[10][7]
  Impl DFF        Imp:/WORK/SYS_TOP/U0_RegFile/REG_MEM_reg[10][7]

  Ref  DFF        Ref:/WORK/SYS_TOP/U0_RegFile/REG_MEM_reg[11][0]
  Impl DFF        Imp:/WORK/SYS_TOP/U0_RegFile/REG_MEM_reg[11][0]

  Ref  DFF        Ref:/WORK/SYS_TOP/U0_RegFile/REG_MEM_reg[11][1]
  Impl DFF        Imp:/WORK/SYS_TOP/U0_RegFile/REG_MEM_reg[11][1]

  Ref  DFF        Ref:/WORK/SYS_TOP/U0_RegFile/REG_MEM_reg[11][2]
  Impl DFF        Imp:/WORK/SYS_TOP/U0_RegFile/REG_MEM_reg[11][2]

  Ref  DFF        Ref:/WORK/SYS_TOP/U0_RegFile/REG_MEM_reg[11][3]
  Impl DFF        Imp:/WORK/SYS_TOP/U0_RegFile/REG_MEM_reg[11][3]

  Ref  DFF        Ref:/WORK/SYS_TOP/U0_RegFile/REG_MEM_reg[11][4]
  Impl DFF        Imp:/WORK/SYS_TOP/U0_RegFile/REG_MEM_reg[11][4]

  Ref  DFF        Ref:/WORK/SYS_TOP/U0_RegFile/REG_MEM_reg[11][5]
  Impl DFF        Imp:/WORK/SYS_TOP/U0_RegFile/REG_MEM_reg[11][5]

  Ref  DFF        Ref:/WORK/SYS_TOP/U0_RegFile/REG_MEM_reg[11][6]
  Impl DFF        Imp:/WORK/SYS_TOP/U0_RegFile/REG_MEM_reg[11][6]

  Ref  DFF        Ref:/WORK/SYS_TOP/U0_RegFile/REG_MEM_reg[11][7]
  Impl DFF        Imp:/WORK/SYS_TOP/U0_RegFile/REG_MEM_reg[11][7]

  Ref  DFF        Ref:/WORK/SYS_TOP/U0_RegFile/REG_MEM_reg[12][0]
  Impl DFF        Imp:/WORK/SYS_TOP/U0_RegFile/REG_MEM_reg[12][0]

  Ref  DFF        Ref:/WORK/SYS_TOP/U0_RegFile/REG_MEM_reg[12][1]
  Impl DFF        Imp:/WORK/SYS_TOP/U0_RegFile/REG_MEM_reg[12][1]

  Ref  DFF        Ref:/WORK/SYS_TOP/U0_RegFile/REG_MEM_reg[12][2]
  Impl DFF        Imp:/WORK/SYS_TOP/U0_RegFile/REG_MEM_reg[12][2]

  Ref  DFF        Ref:/WORK/SYS_TOP/U0_RegFile/REG_MEM_reg[12][3]
  Impl DFF        Imp:/WORK/SYS_TOP/U0_RegFile/REG_MEM_reg[12][3]

  Ref  DFF        Ref:/WORK/SYS_TOP/U0_RegFile/REG_MEM_reg[12][4]
  Impl DFF        Imp:/WORK/SYS_TOP/U0_RegFile/REG_MEM_reg[12][4]

  Ref  DFF        Ref:/WORK/SYS_TOP/U0_RegFile/REG_MEM_reg[12][5]
  Impl DFF        Imp:/WORK/SYS_TOP/U0_RegFile/REG_MEM_reg[12][5]

  Ref  DFF        Ref:/WORK/SYS_TOP/U0_RegFile/REG_MEM_reg[12][6]
  Impl DFF        Imp:/WORK/SYS_TOP/U0_RegFile/REG_MEM_reg[12][6]

  Ref  DFF        Ref:/WORK/SYS_TOP/U0_RegFile/REG_MEM_reg[12][7]
  Impl DFF        Imp:/WORK/SYS_TOP/U0_RegFile/REG_MEM_reg[12][7]

  Ref  DFF        Ref:/WORK/SYS_TOP/U0_RegFile/REG_MEM_reg[13][0]
  Impl DFF        Imp:/WORK/SYS_TOP/U0_RegFile/REG_MEM_reg[13][0]

  Ref  DFF        Ref:/WORK/SYS_TOP/U0_RegFile/REG_MEM_reg[13][1]
  Impl DFF        Imp:/WORK/SYS_TOP/U0_RegFile/REG_MEM_reg[13][1]

  Ref  DFF        Ref:/WORK/SYS_TOP/U0_RegFile/REG_MEM_reg[13][2]
  Impl DFF        Imp:/WORK/SYS_TOP/U0_RegFile/REG_MEM_reg[13][2]

  Ref  DFF        Ref:/WORK/SYS_TOP/U0_RegFile/REG_MEM_reg[13][3]
  Impl DFF        Imp:/WORK/SYS_TOP/U0_RegFile/REG_MEM_reg[13][3]

  Ref  DFF        Ref:/WORK/SYS_TOP/U0_RegFile/REG_MEM_reg[13][4]
  Impl DFF        Imp:/WORK/SYS_TOP/U0_RegFile/REG_MEM_reg[13][4]

  Ref  DFF        Ref:/WORK/SYS_TOP/U0_RegFile/REG_MEM_reg[13][5]
  Impl DFF        Imp:/WORK/SYS_TOP/U0_RegFile/REG_MEM_reg[13][5]

  Ref  DFF        Ref:/WORK/SYS_TOP/U0_RegFile/REG_MEM_reg[13][6]
  Impl DFF        Imp:/WORK/SYS_TOP/U0_RegFile/REG_MEM_reg[13][6]

  Ref  DFF        Ref:/WORK/SYS_TOP/U0_RegFile/REG_MEM_reg[13][7]
  Impl DFF        Imp:/WORK/SYS_TOP/U0_RegFile/REG_MEM_reg[13][7]

  Ref  DFF        Ref:/WORK/SYS_TOP/U0_RegFile/REG_MEM_reg[14][0]
  Impl DFF        Imp:/WORK/SYS_TOP/U0_RegFile/REG_MEM_reg[14][0]

  Ref  DFF        Ref:/WORK/SYS_TOP/U0_RegFile/REG_MEM_reg[14][1]
  Impl DFF        Imp:/WORK/SYS_TOP/U0_RegFile/REG_MEM_reg[14][1]

  Ref  DFF        Ref:/WORK/SYS_TOP/U0_RegFile/REG_MEM_reg[14][2]
  Impl DFF        Imp:/WORK/SYS_TOP/U0_RegFile/REG_MEM_reg[14][2]

  Ref  DFF        Ref:/WORK/SYS_TOP/U0_RegFile/REG_MEM_reg[14][3]
  Impl DFF        Imp:/WORK/SYS_TOP/U0_RegFile/REG_MEM_reg[14][3]

  Ref  DFF        Ref:/WORK/SYS_TOP/U0_RegFile/REG_MEM_reg[14][4]
  Impl DFF        Imp:/WORK/SYS_TOP/U0_RegFile/REG_MEM_reg[14][4]

  Ref  DFF        Ref:/WORK/SYS_TOP/U0_RegFile/REG_MEM_reg[14][5]
  Impl DFF        Imp:/WORK/SYS_TOP/U0_RegFile/REG_MEM_reg[14][5]

  Ref  DFF        Ref:/WORK/SYS_TOP/U0_RegFile/REG_MEM_reg[14][6]
  Impl DFF        Imp:/WORK/SYS_TOP/U0_RegFile/REG_MEM_reg[14][6]

  Ref  DFF        Ref:/WORK/SYS_TOP/U0_RegFile/REG_MEM_reg[14][7]
  Impl DFF        Imp:/WORK/SYS_TOP/U0_RegFile/REG_MEM_reg[14][7]

  Ref  DFF        Ref:/WORK/SYS_TOP/U0_RegFile/REG_MEM_reg[15][0]
  Impl DFF        Imp:/WORK/SYS_TOP/U0_RegFile/REG_MEM_reg[15][0]

  Ref  DFF        Ref:/WORK/SYS_TOP/U0_RegFile/REG_MEM_reg[15][1]
  Impl DFF        Imp:/WORK/SYS_TOP/U0_RegFile/REG_MEM_reg[15][1]

  Ref  DFF        Ref:/WORK/SYS_TOP/U0_RegFile/REG_MEM_reg[15][2]
  Impl DFF        Imp:/WORK/SYS_TOP/U0_RegFile/REG_MEM_reg[15][2]

  Ref  DFF        Ref:/WORK/SYS_TOP/U0_RegFile/REG_MEM_reg[15][3]
  Impl DFF        Imp:/WORK/SYS_TOP/U0_RegFile/REG_MEM_reg[15][3]

  Ref  DFF        Ref:/WORK/SYS_TOP/U0_RegFile/REG_MEM_reg[15][4]
  Impl DFF        Imp:/WORK/SYS_TOP/U0_RegFile/REG_MEM_reg[15][4]

  Ref  DFF        Ref:/WORK/SYS_TOP/U0_RegFile/REG_MEM_reg[15][5]
  Impl DFF        Imp:/WORK/SYS_TOP/U0_RegFile/REG_MEM_reg[15][5]

  Ref  DFF        Ref:/WORK/SYS_TOP/U0_RegFile/REG_MEM_reg[15][6]
  Impl DFF        Imp:/WORK/SYS_TOP/U0_RegFile/REG_MEM_reg[15][6]

  Ref  DFF        Ref:/WORK/SYS_TOP/U0_RegFile/REG_MEM_reg[15][7]
  Impl DFF        Imp:/WORK/SYS_TOP/U0_RegFile/REG_MEM_reg[15][7]

  Ref  DFF        Ref:/WORK/SYS_TOP/U0_RegFile/REG_MEM_reg[1][0]
  Impl DFF        Imp:/WORK/SYS_TOP/U0_RegFile/REG_MEM_reg[1][0]

  Ref  DFF        Ref:/WORK/SYS_TOP/U0_RegFile/REG_MEM_reg[1][1]
  Impl DFF        Imp:/WORK/SYS_TOP/U0_RegFile/REG_MEM_reg[1][1]

  Ref  DFF        Ref:/WORK/SYS_TOP/U0_RegFile/REG_MEM_reg[1][2]
  Impl DFF        Imp:/WORK/SYS_TOP/U0_RegFile/REG_MEM_reg[1][2]

  Ref  DFF        Ref:/WORK/SYS_TOP/U0_RegFile/REG_MEM_reg[1][3]
  Impl DFF        Imp:/WORK/SYS_TOP/U0_RegFile/REG_MEM_reg[1][3]

  Ref  DFF        Ref:/WORK/SYS_TOP/U0_RegFile/REG_MEM_reg[1][4]
  Impl DFF        Imp:/WORK/SYS_TOP/U0_RegFile/REG_MEM_reg[1][4]

  Ref  DFF        Ref:/WORK/SYS_TOP/U0_RegFile/REG_MEM_reg[1][5]
  Impl DFF        Imp:/WORK/SYS_TOP/U0_RegFile/REG_MEM_reg[1][5]

  Ref  DFF        Ref:/WORK/SYS_TOP/U0_RegFile/REG_MEM_reg[1][6]
  Impl DFF        Imp:/WORK/SYS_TOP/U0_RegFile/REG_MEM_reg[1][6]

  Ref  DFF        Ref:/WORK/SYS_TOP/U0_RegFile/REG_MEM_reg[1][7]
  Impl DFF        Imp:/WORK/SYS_TOP/U0_RegFile/REG_MEM_reg[1][7]

  Ref  DFF        Ref:/WORK/SYS_TOP/U0_RegFile/REG_MEM_reg[2][0]
  Impl DFF        Imp:/WORK/SYS_TOP/U0_RegFile/REG_MEM_reg[2][0]

  Ref  DFF        Ref:/WORK/SYS_TOP/U0_RegFile/REG_MEM_reg[2][1]
  Impl DFF        Imp:/WORK/SYS_TOP/U0_RegFile/REG_MEM_reg[2][1]

  Ref  DFF        Ref:/WORK/SYS_TOP/U0_RegFile/REG_MEM_reg[2][2]
  Impl DFF        Imp:/WORK/SYS_TOP/U0_RegFile/REG_MEM_reg[2][2]

  Ref  DFF        Ref:/WORK/SYS_TOP/U0_RegFile/REG_MEM_reg[2][3]
  Impl DFF        Imp:/WORK/SYS_TOP/U0_RegFile/REG_MEM_reg[2][3]

  Ref  DFF        Ref:/WORK/SYS_TOP/U0_RegFile/REG_MEM_reg[2][4]
  Impl DFF        Imp:/WORK/SYS_TOP/U0_RegFile/REG_MEM_reg[2][4]

  Ref  DFF        Ref:/WORK/SYS_TOP/U0_RegFile/REG_MEM_reg[2][5]
  Impl DFF        Imp:/WORK/SYS_TOP/U0_RegFile/REG_MEM_reg[2][5]

  Ref  DFF        Ref:/WORK/SYS_TOP/U0_RegFile/REG_MEM_reg[2][6]
  Impl DFF        Imp:/WORK/SYS_TOP/U0_RegFile/REG_MEM_reg[2][6]

  Ref  DFF        Ref:/WORK/SYS_TOP/U0_RegFile/REG_MEM_reg[2][7]
  Impl DFF        Imp:/WORK/SYS_TOP/U0_RegFile/REG_MEM_reg[2][7]

  Ref  DFF        Ref:/WORK/SYS_TOP/U0_RegFile/REG_MEM_reg[3][0]
  Impl DFF        Imp:/WORK/SYS_TOP/U0_RegFile/REG_MEM_reg[3][0]

  Ref  DFF        Ref:/WORK/SYS_TOP/U0_RegFile/REG_MEM_reg[3][1]
  Impl DFF        Imp:/WORK/SYS_TOP/U0_RegFile/REG_MEM_reg[3][1]

  Ref  DFF        Ref:/WORK/SYS_TOP/U0_RegFile/REG_MEM_reg[3][2]
  Impl DFF        Imp:/WORK/SYS_TOP/U0_RegFile/REG_MEM_reg[3][2]

  Ref  DFF        Ref:/WORK/SYS_TOP/U0_RegFile/REG_MEM_reg[3][3]
  Impl DFF        Imp:/WORK/SYS_TOP/U0_RegFile/REG_MEM_reg[3][3]

  Ref  DFF        Ref:/WORK/SYS_TOP/U0_RegFile/REG_MEM_reg[3][4]
  Impl DFF        Imp:/WORK/SYS_TOP/U0_RegFile/REG_MEM_reg[3][4]

  Ref  DFF        Ref:/WORK/SYS_TOP/U0_RegFile/REG_MEM_reg[3][5]
  Impl DFF        Imp:/WORK/SYS_TOP/U0_RegFile/REG_MEM_reg[3][5]

  Ref  DFF        Ref:/WORK/SYS_TOP/U0_RegFile/REG_MEM_reg[3][6]
  Impl DFF        Imp:/WORK/SYS_TOP/U0_RegFile/REG_MEM_reg[3][6]

  Ref  DFF        Ref:/WORK/SYS_TOP/U0_RegFile/REG_MEM_reg[3][7]
  Impl DFF        Imp:/WORK/SYS_TOP/U0_RegFile/REG_MEM_reg[3][7]

  Ref  DFF        Ref:/WORK/SYS_TOP/U0_RegFile/REG_MEM_reg[4][0]
  Impl DFF        Imp:/WORK/SYS_TOP/U0_RegFile/REG_MEM_reg[4][0]

  Ref  DFF        Ref:/WORK/SYS_TOP/U0_RegFile/REG_MEM_reg[4][1]
  Impl DFF        Imp:/WORK/SYS_TOP/U0_RegFile/REG_MEM_reg[4][1]

  Ref  DFF        Ref:/WORK/SYS_TOP/U0_RegFile/REG_MEM_reg[4][2]
  Impl DFF        Imp:/WORK/SYS_TOP/U0_RegFile/REG_MEM_reg[4][2]

  Ref  DFF        Ref:/WORK/SYS_TOP/U0_RegFile/REG_MEM_reg[4][3]
  Impl DFF        Imp:/WORK/SYS_TOP/U0_RegFile/REG_MEM_reg[4][3]

  Ref  DFF        Ref:/WORK/SYS_TOP/U0_RegFile/REG_MEM_reg[4][4]
  Impl DFF        Imp:/WORK/SYS_TOP/U0_RegFile/REG_MEM_reg[4][4]

  Ref  DFF        Ref:/WORK/SYS_TOP/U0_RegFile/REG_MEM_reg[4][5]
  Impl DFF        Imp:/WORK/SYS_TOP/U0_RegFile/REG_MEM_reg[4][5]

  Ref  DFF        Ref:/WORK/SYS_TOP/U0_RegFile/REG_MEM_reg[4][6]
  Impl DFF        Imp:/WORK/SYS_TOP/U0_RegFile/REG_MEM_reg[4][6]

  Ref  DFF        Ref:/WORK/SYS_TOP/U0_RegFile/REG_MEM_reg[4][7]
  Impl DFF        Imp:/WORK/SYS_TOP/U0_RegFile/REG_MEM_reg[4][7]

  Ref  DFF        Ref:/WORK/SYS_TOP/U0_RegFile/REG_MEM_reg[5][0]
  Impl DFF        Imp:/WORK/SYS_TOP/U0_RegFile/REG_MEM_reg[5][0]

  Ref  DFF        Ref:/WORK/SYS_TOP/U0_RegFile/REG_MEM_reg[5][1]
  Impl DFF        Imp:/WORK/SYS_TOP/U0_RegFile/REG_MEM_reg[5][1]

  Ref  DFF        Ref:/WORK/SYS_TOP/U0_RegFile/REG_MEM_reg[5][2]
  Impl DFF        Imp:/WORK/SYS_TOP/U0_RegFile/REG_MEM_reg[5][2]

  Ref  DFF        Ref:/WORK/SYS_TOP/U0_RegFile/REG_MEM_reg[5][3]
  Impl DFF        Imp:/WORK/SYS_TOP/U0_RegFile/REG_MEM_reg[5][3]

  Ref  DFF        Ref:/WORK/SYS_TOP/U0_RegFile/REG_MEM_reg[5][4]
  Impl DFF        Imp:/WORK/SYS_TOP/U0_RegFile/REG_MEM_reg[5][4]

  Ref  DFF        Ref:/WORK/SYS_TOP/U0_RegFile/REG_MEM_reg[5][5]
  Impl DFF        Imp:/WORK/SYS_TOP/U0_RegFile/REG_MEM_reg[5][5]

  Ref  DFF        Ref:/WORK/SYS_TOP/U0_RegFile/REG_MEM_reg[5][6]
  Impl DFF        Imp:/WORK/SYS_TOP/U0_RegFile/REG_MEM_reg[5][6]

  Ref  DFF        Ref:/WORK/SYS_TOP/U0_RegFile/REG_MEM_reg[5][7]
  Impl DFF        Imp:/WORK/SYS_TOP/U0_RegFile/REG_MEM_reg[5][7]

  Ref  DFF        Ref:/WORK/SYS_TOP/U0_RegFile/REG_MEM_reg[6][0]
  Impl DFF        Imp:/WORK/SYS_TOP/U0_RegFile/REG_MEM_reg[6][0]

  Ref  DFF        Ref:/WORK/SYS_TOP/U0_RegFile/REG_MEM_reg[6][1]
  Impl DFF        Imp:/WORK/SYS_TOP/U0_RegFile/REG_MEM_reg[6][1]

  Ref  DFF        Ref:/WORK/SYS_TOP/U0_RegFile/REG_MEM_reg[6][2]
  Impl DFF        Imp:/WORK/SYS_TOP/U0_RegFile/REG_MEM_reg[6][2]

  Ref  DFF        Ref:/WORK/SYS_TOP/U0_RegFile/REG_MEM_reg[6][3]
  Impl DFF        Imp:/WORK/SYS_TOP/U0_RegFile/REG_MEM_reg[6][3]

  Ref  DFF        Ref:/WORK/SYS_TOP/U0_RegFile/REG_MEM_reg[6][4]
  Impl DFF        Imp:/WORK/SYS_TOP/U0_RegFile/REG_MEM_reg[6][4]

  Ref  DFF        Ref:/WORK/SYS_TOP/U0_RegFile/REG_MEM_reg[6][5]
  Impl DFF        Imp:/WORK/SYS_TOP/U0_RegFile/REG_MEM_reg[6][5]

  Ref  DFF        Ref:/WORK/SYS_TOP/U0_RegFile/REG_MEM_reg[6][6]
  Impl DFF        Imp:/WORK/SYS_TOP/U0_RegFile/REG_MEM_reg[6][6]

  Ref  DFF        Ref:/WORK/SYS_TOP/U0_RegFile/REG_MEM_reg[6][7]
  Impl DFF        Imp:/WORK/SYS_TOP/U0_RegFile/REG_MEM_reg[6][7]

  Ref  DFF        Ref:/WORK/SYS_TOP/U0_RegFile/REG_MEM_reg[7][0]
  Impl DFF        Imp:/WORK/SYS_TOP/U0_RegFile/REG_MEM_reg[7][0]

  Ref  DFF        Ref:/WORK/SYS_TOP/U0_RegFile/REG_MEM_reg[7][1]
  Impl DFF        Imp:/WORK/SYS_TOP/U0_RegFile/REG_MEM_reg[7][1]

  Ref  DFF        Ref:/WORK/SYS_TOP/U0_RegFile/REG_MEM_reg[7][2]
  Impl DFF        Imp:/WORK/SYS_TOP/U0_RegFile/REG_MEM_reg[7][2]

  Ref  DFF        Ref:/WORK/SYS_TOP/U0_RegFile/REG_MEM_reg[7][3]
  Impl DFF        Imp:/WORK/SYS_TOP/U0_RegFile/REG_MEM_reg[7][3]

  Ref  DFF        Ref:/WORK/SYS_TOP/U0_RegFile/REG_MEM_reg[7][4]
  Impl DFF        Imp:/WORK/SYS_TOP/U0_RegFile/REG_MEM_reg[7][4]

  Ref  DFF        Ref:/WORK/SYS_TOP/U0_RegFile/REG_MEM_reg[7][5]
  Impl DFF        Imp:/WORK/SYS_TOP/U0_RegFile/REG_MEM_reg[7][5]

  Ref  DFF        Ref:/WORK/SYS_TOP/U0_RegFile/REG_MEM_reg[7][6]
  Impl DFF        Imp:/WORK/SYS_TOP/U0_RegFile/REG_MEM_reg[7][6]

  Ref  DFF        Ref:/WORK/SYS_TOP/U0_RegFile/REG_MEM_reg[7][7]
  Impl DFF        Imp:/WORK/SYS_TOP/U0_RegFile/REG_MEM_reg[7][7]

  Ref  DFF        Ref:/WORK/SYS_TOP/U0_RegFile/REG_MEM_reg[8][0]
  Impl DFF        Imp:/WORK/SYS_TOP/U0_RegFile/REG_MEM_reg[8][0]

  Ref  DFF        Ref:/WORK/SYS_TOP/U0_RegFile/REG_MEM_reg[8][1]
  Impl DFF        Imp:/WORK/SYS_TOP/U0_RegFile/REG_MEM_reg[8][1]

  Ref  DFF        Ref:/WORK/SYS_TOP/U0_RegFile/REG_MEM_reg[8][2]
  Impl DFF        Imp:/WORK/SYS_TOP/U0_RegFile/REG_MEM_reg[8][2]

  Ref  DFF        Ref:/WORK/SYS_TOP/U0_RegFile/REG_MEM_reg[8][3]
  Impl DFF        Imp:/WORK/SYS_TOP/U0_RegFile/REG_MEM_reg[8][3]

  Ref  DFF        Ref:/WORK/SYS_TOP/U0_RegFile/REG_MEM_reg[8][4]
  Impl DFF        Imp:/WORK/SYS_TOP/U0_RegFile/REG_MEM_reg[8][4]

  Ref  DFF        Ref:/WORK/SYS_TOP/U0_RegFile/REG_MEM_reg[8][5]
  Impl DFF        Imp:/WORK/SYS_TOP/U0_RegFile/REG_MEM_reg[8][5]

  Ref  DFF        Ref:/WORK/SYS_TOP/U0_RegFile/REG_MEM_reg[8][6]
  Impl DFF        Imp:/WORK/SYS_TOP/U0_RegFile/REG_MEM_reg[8][6]

  Ref  DFF        Ref:/WORK/SYS_TOP/U0_RegFile/REG_MEM_reg[8][7]
  Impl DFF        Imp:/WORK/SYS_TOP/U0_RegFile/REG_MEM_reg[8][7]

  Ref  DFF        Ref:/WORK/SYS_TOP/U0_RegFile/REG_MEM_reg[9][0]
  Impl DFF        Imp:/WORK/SYS_TOP/U0_RegFile/REG_MEM_reg[9][0]

  Ref  DFF        Ref:/WORK/SYS_TOP/U0_RegFile/REG_MEM_reg[9][1]
  Impl DFF        Imp:/WORK/SYS_TOP/U0_RegFile/REG_MEM_reg[9][1]

  Ref  DFF        Ref:/WORK/SYS_TOP/U0_RegFile/REG_MEM_reg[9][2]
  Impl DFF        Imp:/WORK/SYS_TOP/U0_RegFile/REG_MEM_reg[9][2]

  Ref  DFF        Ref:/WORK/SYS_TOP/U0_RegFile/REG_MEM_reg[9][3]
  Impl DFF        Imp:/WORK/SYS_TOP/U0_RegFile/REG_MEM_reg[9][3]

  Ref  DFF        Ref:/WORK/SYS_TOP/U0_RegFile/REG_MEM_reg[9][4]
  Impl DFF        Imp:/WORK/SYS_TOP/U0_RegFile/REG_MEM_reg[9][4]

  Ref  DFF        Ref:/WORK/SYS_TOP/U0_RegFile/REG_MEM_reg[9][5]
  Impl DFF        Imp:/WORK/SYS_TOP/U0_RegFile/REG_MEM_reg[9][5]

  Ref  DFF        Ref:/WORK/SYS_TOP/U0_RegFile/REG_MEM_reg[9][6]
  Impl DFF        Imp:/WORK/SYS_TOP/U0_RegFile/REG_MEM_reg[9][6]

  Ref  DFF        Ref:/WORK/SYS_TOP/U0_RegFile/REG_MEM_reg[9][7]
  Impl DFF        Imp:/WORK/SYS_TOP/U0_RegFile/REG_MEM_reg[9][7]

  Ref  DFF        Ref:/WORK/SYS_TOP/U0_RegFile/adress_FF_reg[0]
  Impl DFF        Imp:/WORK/SYS_TOP/U0_RegFile/adress_FF_reg[0]

  Ref  DFF        Ref:/WORK/SYS_TOP/U0_RegFile/adress_FF_reg[1]
  Impl DFF        Imp:/WORK/SYS_TOP/U0_RegFile/adress_FF_reg[1]

  Ref  DFF        Ref:/WORK/SYS_TOP/U0_RegFile/adress_FF_reg[2]
  Impl DFF        Imp:/WORK/SYS_TOP/U0_RegFile/adress_FF_reg[2]

  Ref  DFF        Ref:/WORK/SYS_TOP/U0_RegFile/adress_FF_reg[3]
  Impl DFF        Imp:/WORK/SYS_TOP/U0_RegFile/adress_FF_reg[3]

  Ref  DFF        Ref:/WORK/SYS_TOP/U0_SYS_CTRL/Address_FF_reg[0]
  Impl DFF        Imp:/WORK/SYS_TOP/U0_SYS_CTRL/Address_FF_reg[0]

  Ref  DFF        Ref:/WORK/SYS_TOP/U0_SYS_CTRL/Address_FF_reg[1]
  Impl DFF        Imp:/WORK/SYS_TOP/U0_SYS_CTRL/Address_FF_reg[1]

  Ref  DFF        Ref:/WORK/SYS_TOP/U0_SYS_CTRL/Address_FF_reg[2]
  Impl DFF        Imp:/WORK/SYS_TOP/U0_SYS_CTRL/Address_FF_reg[2]

  Ref  DFF        Ref:/WORK/SYS_TOP/U0_SYS_CTRL/Address_FF_reg[3]
  Impl DFF        Imp:/WORK/SYS_TOP/U0_SYS_CTRL/Address_FF_reg[3]

  Ref  DFF        Ref:/WORK/SYS_TOP/U0_SYS_CTRL/CU_STATE_reg[0]
  Impl DFF        Imp:/WORK/SYS_TOP/U0_SYS_CTRL/CU_STATE_reg[0]

  Ref  DFF        Ref:/WORK/SYS_TOP/U0_SYS_CTRL/CU_STATE_reg[1]
  Impl DFF        Imp:/WORK/SYS_TOP/U0_SYS_CTRL/CU_STATE_reg[1]

  Ref  DFF        Ref:/WORK/SYS_TOP/U0_SYS_CTRL/CU_STATE_reg[2]
  Impl DFF        Imp:/WORK/SYS_TOP/U0_SYS_CTRL/CU_STATE_reg[2]

  Ref  DFF        Ref:/WORK/SYS_TOP/U0_SYS_CTRL/CU_STATE_reg[3]
  Impl DFF        Imp:/WORK/SYS_TOP/U0_SYS_CTRL/CU_STATE_reg[3]

  Ref  DFF        Ref:/WORK/SYS_TOP/U0_SYS_CTRL/Expected_NO_Frames_reg[0]
  Impl DFF        Imp:/WORK/SYS_TOP/U0_SYS_CTRL/Expected_NO_Frames_reg[0]

  Ref  DFF        Ref:/WORK/SYS_TOP/U0_SYS_CTRL/Expected_NO_Frames_reg[1]
  Impl DFF        Imp:/WORK/SYS_TOP/U0_SYS_CTRL/Expected_NO_Frames_reg[1]

  Ref  DFF        Ref:/WORK/SYS_TOP/U0_SYS_CTRL/Expected_NO_Frames_reg[2]
  Impl DFF        Imp:/WORK/SYS_TOP/U0_SYS_CTRL/Expected_NO_Frames_reg[2]

  Ref  DFF        Ref:/WORK/SYS_TOP/U0_SYS_CTRL/Frame_Counter_reg[0]
  Impl DFF        Imp:/WORK/SYS_TOP/U0_SYS_CTRL/Frame_Counter_reg[0]

  Ref  DFF        Ref:/WORK/SYS_TOP/U0_SYS_CTRL/Frame_Counter_reg[1]
  Impl DFF        Imp:/WORK/SYS_TOP/U0_SYS_CTRL/Frame_Counter_reg[1]

  Ref  DFF        Ref:/WORK/SYS_TOP/U0_SYS_CTRL/Frame_Counter_reg[2]
  Impl DFF        Imp:/WORK/SYS_TOP/U0_SYS_CTRL/Frame_Counter_reg[2]

  Ref  DFF        Ref:/WORK/SYS_TOP/U0_SYS_CTRL/send_CNT_reg[0]
  Impl DFF        Imp:/WORK/SYS_TOP/U0_SYS_CTRL/send_CNT_reg[0]

  Ref  DFF        Ref:/WORK/SYS_TOP/U0_SYS_CTRL/send_CNT_reg[1]
  Impl DFF        Imp:/WORK/SYS_TOP/U0_SYS_CTRL/send_CNT_reg[1]

  Ref  DFF        Ref:/WORK/SYS_TOP/U0_UART/RX_UART/DESERILIZER_u5/P_DATA_reg[0]
  Impl DFF        Imp:/WORK/SYS_TOP/U0_UART/RX_UART/DESERILIZER_u5/P_DATA_reg[0]

  Ref  DFF        Ref:/WORK/SYS_TOP/U0_UART/RX_UART/DESERILIZER_u5/P_DATA_reg[1]
  Impl DFF        Imp:/WORK/SYS_TOP/U0_UART/RX_UART/DESERILIZER_u5/P_DATA_reg[1]

  Ref  DFF        Ref:/WORK/SYS_TOP/U0_UART/RX_UART/DESERILIZER_u5/P_DATA_reg[2]
  Impl DFF        Imp:/WORK/SYS_TOP/U0_UART/RX_UART/DESERILIZER_u5/P_DATA_reg[2]

  Ref  DFF        Ref:/WORK/SYS_TOP/U0_UART/RX_UART/DESERILIZER_u5/P_DATA_reg[3]
  Impl DFF        Imp:/WORK/SYS_TOP/U0_UART/RX_UART/DESERILIZER_u5/P_DATA_reg[3]

  Ref  DFF        Ref:/WORK/SYS_TOP/U0_UART/RX_UART/DESERILIZER_u5/P_DATA_reg[4]
  Impl DFF        Imp:/WORK/SYS_TOP/U0_UART/RX_UART/DESERILIZER_u5/P_DATA_reg[4]

  Ref  DFF        Ref:/WORK/SYS_TOP/U0_UART/RX_UART/DESERILIZER_u5/P_DATA_reg[5]
  Impl DFF        Imp:/WORK/SYS_TOP/U0_UART/RX_UART/DESERILIZER_u5/P_DATA_reg[5]

  Ref  DFF        Ref:/WORK/SYS_TOP/U0_UART/RX_UART/DESERILIZER_u5/P_DATA_reg[6]
  Impl DFF        Imp:/WORK/SYS_TOP/U0_UART/RX_UART/DESERILIZER_u5/P_DATA_reg[6]

  Ref  DFF        Ref:/WORK/SYS_TOP/U0_UART/RX_UART/DESERILIZER_u5/P_DATA_reg[7]
  Impl DFF        Imp:/WORK/SYS_TOP/U0_UART/RX_UART/DESERILIZER_u5/P_DATA_reg[7]

  Ref  DFF        Ref:/WORK/SYS_TOP/U0_UART/RX_UART/DESERILIZER_u5/deser_count_reg[0]
  Impl DFF        Imp:/WORK/SYS_TOP/U0_UART/RX_UART/DESERILIZER_u5/deser_count_reg[0]

  Ref  DFF        Ref:/WORK/SYS_TOP/U0_UART/RX_UART/DESERILIZER_u5/deser_count_reg[1]
  Impl DFF        Imp:/WORK/SYS_TOP/U0_UART/RX_UART/DESERILIZER_u5/deser_count_reg[1]

  Ref  DFF        Ref:/WORK/SYS_TOP/U0_UART/RX_UART/DESERILIZER_u5/deser_count_reg[2]
  Impl DFF        Imp:/WORK/SYS_TOP/U0_UART/RX_UART/DESERILIZER_u5/deser_count_reg[2]

  Ref  DFF        Ref:/WORK/SYS_TOP/U0_UART/RX_UART/data_sampler_u1/One_CONUT_reg[0]
  Impl DFF        Imp:/WORK/SYS_TOP/U0_UART/RX_UART/data_sampler_u1/One_CONUT_reg[0]

  Ref  DFF        Ref:/WORK/SYS_TOP/U0_UART/RX_UART/data_sampler_u1/One_CONUT_reg[1]
  Impl DFF        Imp:/WORK/SYS_TOP/U0_UART/RX_UART/data_sampler_u1/One_CONUT_reg[1]

  Ref  DFF        Ref:/WORK/SYS_TOP/U0_UART/RX_UART/data_sampler_u1/RX_IN_FF_reg
  Impl DFF        Imp:/WORK/SYS_TOP/U0_UART/RX_UART/data_sampler_u1/RX_IN_FF_reg

  Ref  DFF        Ref:/WORK/SYS_TOP/U0_UART/RX_UART/data_sampler_u1/ZERO_Count_reg[0]
  Impl DFF        Imp:/WORK/SYS_TOP/U0_UART/RX_UART/data_sampler_u1/ZERO_Count_reg[0]

  Ref  DFF        Ref:/WORK/SYS_TOP/U0_UART/RX_UART/data_sampler_u1/ZERO_Count_reg[1]
  Impl DFF        Imp:/WORK/SYS_TOP/U0_UART/RX_UART/data_sampler_u1/ZERO_Count_reg[1]

  Ref  DFF        Ref:/WORK/SYS_TOP/U0_UART/RX_UART/data_sampler_u1/sampled_bit_reg
  Impl DFF        Imp:/WORK/SYS_TOP/U0_UART/RX_UART/data_sampler_u1/sampled_bit_reg

  Ref  DFF        Ref:/WORK/SYS_TOP/U0_UART/RX_UART/fsm_u0/CU_STATE_reg[0]
  Impl DFF        Imp:/WORK/SYS_TOP/U0_UART/RX_UART/fsm_u0/CU_STATE_reg[0]

  Ref  DFF        Ref:/WORK/SYS_TOP/U0_UART/RX_UART/fsm_u0/CU_STATE_reg[1]
  Impl DFF        Imp:/WORK/SYS_TOP/U0_UART/RX_UART/fsm_u0/CU_STATE_reg[1]

  Ref  DFF        Ref:/WORK/SYS_TOP/U0_UART/RX_UART/fsm_u0/CU_STATE_reg[2]
  Impl DFF        Imp:/WORK/SYS_TOP/U0_UART/RX_UART/fsm_u0/CU_STATE_reg[2]

  Ref  DFF        Ref:/WORK/SYS_TOP/U0_UART/RX_UART/fsm_u0/data_valid_reg
  Impl DFF        Imp:/WORK/SYS_TOP/U0_UART/RX_UART/fsm_u0/data_valid_reg

  Ref  DFF        Ref:/WORK/SYS_TOP/U0_UART/RX_UART/u0/bit_count_reg[0]
  Impl DFF        Imp:/WORK/SYS_TOP/U0_UART/RX_UART/u0/bit_count_reg[0]

  Ref  DFF        Ref:/WORK/SYS_TOP/U0_UART/RX_UART/u0/bit_count_reg[1]
  Impl DFF        Imp:/WORK/SYS_TOP/U0_UART/RX_UART/u0/bit_count_reg[1]

  Ref  DFF        Ref:/WORK/SYS_TOP/U0_UART/RX_UART/u0/bit_count_reg[2]
  Impl DFF        Imp:/WORK/SYS_TOP/U0_UART/RX_UART/u0/bit_count_reg[2]

  Ref  DFF        Ref:/WORK/SYS_TOP/U0_UART/RX_UART/u0/bit_count_reg[3]
  Impl DFF        Imp:/WORK/SYS_TOP/U0_UART/RX_UART/u0/bit_count_reg[3]

  Ref  DFF        Ref:/WORK/SYS_TOP/U0_UART/RX_UART/u0/edge_count_reg[0]
  Impl DFF        Imp:/WORK/SYS_TOP/U0_UART/RX_UART/u0/edge_count_reg[0]

  Ref  DFF        Ref:/WORK/SYS_TOP/U0_UART/RX_UART/u0/edge_count_reg[1]
  Impl DFF        Imp:/WORK/SYS_TOP/U0_UART/RX_UART/u0/edge_count_reg[1]

  Ref  DFF        Ref:/WORK/SYS_TOP/U0_UART/RX_UART/u0/edge_count_reg[2]
  Impl DFF        Imp:/WORK/SYS_TOP/U0_UART/RX_UART/u0/edge_count_reg[2]

  Ref  DFF        Ref:/WORK/SYS_TOP/U0_UART/RX_UART/u0/edge_count_reg[3]
  Impl DFF        Imp:/WORK/SYS_TOP/U0_UART/RX_UART/u0/edge_count_reg[3]

  Ref  DFF        Ref:/WORK/SYS_TOP/U0_UART/RX_UART/u0/edge_count_reg[4]
  Impl DFF        Imp:/WORK/SYS_TOP/U0_UART/RX_UART/u0/edge_count_reg[4]

  Ref  DFF        Ref:/WORK/SYS_TOP/U0_UART/RX_UART/u0/edge_count_reg[5]
  Impl DFF        Imp:/WORK/SYS_TOP/U0_UART/RX_UART/u0/edge_count_reg[5]

  Ref  DFF        Ref:/WORK/SYS_TOP/U0_UART/TX_UART/FSM_B0/CU_STATE_reg[0]
  Impl DFF        Imp:/WORK/SYS_TOP/U0_UART/TX_UART/FSM_B0/CU_STATE_reg[0]

  Ref  DFF        Ref:/WORK/SYS_TOP/U0_UART/TX_UART/FSM_B0/CU_STATE_reg[1]
  Impl DFF        Imp:/WORK/SYS_TOP/U0_UART/TX_UART/FSM_B0/CU_STATE_reg[1]

  Ref  DFF        Ref:/WORK/SYS_TOP/U0_UART/TX_UART/FSM_B0/CU_STATE_reg[2]
  Impl DFF        Imp:/WORK/SYS_TOP/U0_UART/TX_UART/FSM_B0/CU_STATE_reg[2]

  Ref  DFF        Ref:/WORK/SYS_TOP/U0_UART/TX_UART/FSM_B0/busy_FF_reg
  Impl DFF        Imp:/WORK/SYS_TOP/U0_UART/TX_UART/FSM_B0/busy_FF_reg

  Ref  DFF        Ref:/WORK/SYS_TOP/U0_UART/TX_UART/MUX_B1/TX_OUT_FF_reg
  Impl DFF        Imp:/WORK/SYS_TOP/U0_UART/TX_UART/MUX_B1/TX_OUT_FF_reg

  Ref  DFF        Ref:/WORK/SYS_TOP/U0_UART/TX_UART/P_DATA_ff_reg[0]
  Impl DFF        Imp:/WORK/SYS_TOP/U0_UART/TX_UART/P_DATA_ff_reg[0]

  Ref  DFF        Ref:/WORK/SYS_TOP/U0_UART/TX_UART/P_DATA_ff_reg[1]
  Impl DFF        Imp:/WORK/SYS_TOP/U0_UART/TX_UART/P_DATA_ff_reg[1]

  Ref  DFF        Ref:/WORK/SYS_TOP/U0_UART/TX_UART/P_DATA_ff_reg[2]
  Impl DFF        Imp:/WORK/SYS_TOP/U0_UART/TX_UART/P_DATA_ff_reg[2]

  Ref  DFF        Ref:/WORK/SYS_TOP/U0_UART/TX_UART/P_DATA_ff_reg[3]
  Impl DFF        Imp:/WORK/SYS_TOP/U0_UART/TX_UART/P_DATA_ff_reg[3]

  Ref  DFF        Ref:/WORK/SYS_TOP/U0_UART/TX_UART/P_DATA_ff_reg[4]
  Impl DFF        Imp:/WORK/SYS_TOP/U0_UART/TX_UART/P_DATA_ff_reg[4]

  Ref  DFF        Ref:/WORK/SYS_TOP/U0_UART/TX_UART/P_DATA_ff_reg[5]
  Impl DFF        Imp:/WORK/SYS_TOP/U0_UART/TX_UART/P_DATA_ff_reg[5]

  Ref  DFF        Ref:/WORK/SYS_TOP/U0_UART/TX_UART/P_DATA_ff_reg[6]
  Impl DFF        Imp:/WORK/SYS_TOP/U0_UART/TX_UART/P_DATA_ff_reg[6]

  Ref  DFF        Ref:/WORK/SYS_TOP/U0_UART/TX_UART/P_DATA_ff_reg[7]
  Impl DFF        Imp:/WORK/SYS_TOP/U0_UART/TX_UART/P_DATA_ff_reg[7]

  Ref  DFF        Ref:/WORK/SYS_TOP/U0_UART/TX_UART/SERILIZER_B3/bit_counter_reg[0]
  Impl DFF        Imp:/WORK/SYS_TOP/U0_UART/TX_UART/SERILIZER_B3/bit_counter_reg[0]

  Ref  DFF        Ref:/WORK/SYS_TOP/U0_UART/TX_UART/SERILIZER_B3/bit_counter_reg[1]
  Impl DFF        Imp:/WORK/SYS_TOP/U0_UART/TX_UART/SERILIZER_B3/bit_counter_reg[1]

  Ref  DFF        Ref:/WORK/SYS_TOP/U0_UART/TX_UART/SERILIZER_B3/bit_counter_reg[2]
  Impl DFF        Imp:/WORK/SYS_TOP/U0_UART/TX_UART/SERILIZER_B3/bit_counter_reg[2]

  Ref  DFF        Ref:/WORK/SYS_TOP/U0_UART/TX_UART/SERILIZER_B3/bit_counter_reg[3]
  Impl DFF        Imp:/WORK/SYS_TOP/U0_UART/TX_UART/SERILIZER_B3/bit_counter_reg[3]

  Ref  DFF        Ref:/WORK/SYS_TOP/U0_UART/TX_UART/SERILIZER_B3/ser_data_reg
  Impl DFF        Imp:/WORK/SYS_TOP/U0_UART/TX_UART/SERILIZER_B3/ser_data_reg

  Ref  DFF        Ref:/WORK/SYS_TOP/U0_UART_FIFO/sync_r2w/SYNC_reg[0]
  Impl DFF        Imp:/WORK/SYS_TOP/U0_UART_FIFO/sync_r2w/SYNC_reg[0]

  Ref  DFF        Ref:/WORK/SYS_TOP/U0_UART_FIFO/sync_r2w/SYNC_reg[1]
  Impl DFF        Imp:/WORK/SYS_TOP/U0_UART_FIFO/sync_r2w/SYNC_reg[1]

  Ref  DFF        Ref:/WORK/SYS_TOP/U0_UART_FIFO/sync_r2w/SYNC_reg[2]
  Impl DFF        Imp:/WORK/SYS_TOP/U0_UART_FIFO/sync_r2w/SYNC_reg[2]

  Ref  DFF        Ref:/WORK/SYS_TOP/U0_UART_FIFO/sync_r2w/SYNC_reg[3]
  Impl DFF        Imp:/WORK/SYS_TOP/U0_UART_FIFO/sync_r2w/SYNC_reg[3]

  Ref  DFF        Ref:/WORK/SYS_TOP/U0_UART_FIFO/sync_r2w/SYN_FLOPS_reg[0][0]
  Impl DFF        Imp:/WORK/SYS_TOP/U0_UART_FIFO/sync_r2w/SYN_FLOPS_reg[0][0]

  Ref  DFF        Ref:/WORK/SYS_TOP/U0_UART_FIFO/sync_r2w/SYN_FLOPS_reg[0][1]
  Impl DFF        Imp:/WORK/SYS_TOP/U0_UART_FIFO/sync_r2w/SYN_FLOPS_reg[0][1]

  Ref  DFF        Ref:/WORK/SYS_TOP/U0_UART_FIFO/sync_r2w/SYN_FLOPS_reg[1][0]
  Impl DFF        Imp:/WORK/SYS_TOP/U0_UART_FIFO/sync_r2w/SYN_FLOPS_reg[1][0]

  Ref  DFF        Ref:/WORK/SYS_TOP/U0_UART_FIFO/sync_r2w/SYN_FLOPS_reg[1][1]
  Impl DFF        Imp:/WORK/SYS_TOP/U0_UART_FIFO/sync_r2w/SYN_FLOPS_reg[1][1]

  Ref  DFF        Ref:/WORK/SYS_TOP/U0_UART_FIFO/sync_r2w/SYN_FLOPS_reg[2][0]
  Impl DFF        Imp:/WORK/SYS_TOP/U0_UART_FIFO/sync_r2w/SYN_FLOPS_reg[2][0]

  Ref  DFF        Ref:/WORK/SYS_TOP/U0_UART_FIFO/sync_r2w/SYN_FLOPS_reg[2][1]
  Impl DFF        Imp:/WORK/SYS_TOP/U0_UART_FIFO/sync_r2w/SYN_FLOPS_reg[2][1]

  Ref  DFF        Ref:/WORK/SYS_TOP/U0_UART_FIFO/sync_r2w/SYN_FLOPS_reg[3][0]
  Impl DFF        Imp:/WORK/SYS_TOP/U0_UART_FIFO/sync_r2w/SYN_FLOPS_reg[3][0]

  Ref  DFF        Ref:/WORK/SYS_TOP/U0_UART_FIFO/sync_r2w/SYN_FLOPS_reg[3][1]
  Impl DFF        Imp:/WORK/SYS_TOP/U0_UART_FIFO/sync_r2w/SYN_FLOPS_reg[3][1]

  Ref  DFF        Ref:/WORK/SYS_TOP/U0_UART_FIFO/sync_w2r/SYNC_reg[0]
  Impl DFF        Imp:/WORK/SYS_TOP/U0_UART_FIFO/sync_w2r/SYNC_reg[0]

  Ref  DFF        Ref:/WORK/SYS_TOP/U0_UART_FIFO/sync_w2r/SYNC_reg[1]
  Impl DFF        Imp:/WORK/SYS_TOP/U0_UART_FIFO/sync_w2r/SYNC_reg[1]

  Ref  DFF        Ref:/WORK/SYS_TOP/U0_UART_FIFO/sync_w2r/SYNC_reg[2]
  Impl DFF        Imp:/WORK/SYS_TOP/U0_UART_FIFO/sync_w2r/SYNC_reg[2]

  Ref  DFF        Ref:/WORK/SYS_TOP/U0_UART_FIFO/sync_w2r/SYNC_reg[3]
  Impl DFF        Imp:/WORK/SYS_TOP/U0_UART_FIFO/sync_w2r/SYNC_reg[3]

  Ref  DFF        Ref:/WORK/SYS_TOP/U0_UART_FIFO/sync_w2r/SYN_FLOPS_reg[0][0]
  Impl DFF        Imp:/WORK/SYS_TOP/U0_UART_FIFO/sync_w2r/SYN_FLOPS_reg[0][0]

  Ref  DFF        Ref:/WORK/SYS_TOP/U0_UART_FIFO/sync_w2r/SYN_FLOPS_reg[0][1]
  Impl DFF        Imp:/WORK/SYS_TOP/U0_UART_FIFO/sync_w2r/SYN_FLOPS_reg[0][1]

  Ref  DFF        Ref:/WORK/SYS_TOP/U0_UART_FIFO/sync_w2r/SYN_FLOPS_reg[1][0]
  Impl DFF        Imp:/WORK/SYS_TOP/U0_UART_FIFO/sync_w2r/SYN_FLOPS_reg[1][0]

  Ref  DFF        Ref:/WORK/SYS_TOP/U0_UART_FIFO/sync_w2r/SYN_FLOPS_reg[1][1]
  Impl DFF        Imp:/WORK/SYS_TOP/U0_UART_FIFO/sync_w2r/SYN_FLOPS_reg[1][1]

  Ref  DFF        Ref:/WORK/SYS_TOP/U0_UART_FIFO/sync_w2r/SYN_FLOPS_reg[2][0]
  Impl DFF        Imp:/WORK/SYS_TOP/U0_UART_FIFO/sync_w2r/SYN_FLOPS_reg[2][0]

  Ref  DFF        Ref:/WORK/SYS_TOP/U0_UART_FIFO/sync_w2r/SYN_FLOPS_reg[2][1]
  Impl DFF        Imp:/WORK/SYS_TOP/U0_UART_FIFO/sync_w2r/SYN_FLOPS_reg[2][1]

  Ref  DFF        Ref:/WORK/SYS_TOP/U0_UART_FIFO/sync_w2r/SYN_FLOPS_reg[3][0]
  Impl DFF        Imp:/WORK/SYS_TOP/U0_UART_FIFO/sync_w2r/SYN_FLOPS_reg[3][0]

  Ref  DFF        Ref:/WORK/SYS_TOP/U0_UART_FIFO/sync_w2r/SYN_FLOPS_reg[3][1]
  Impl DFF        Imp:/WORK/SYS_TOP/U0_UART_FIFO/sync_w2r/SYN_FLOPS_reg[3][1]

  Ref  DFF        Ref:/WORK/SYS_TOP/U0_UART_FIFO/u0_FIFO_MEM/fifo_MEM_reg[0][0]
  Impl DFF        Imp:/WORK/SYS_TOP/U0_UART_FIFO/u0_FIFO_MEM/fifo_MEM_reg[0][0]

  Ref  DFF        Ref:/WORK/SYS_TOP/U0_UART_FIFO/u0_FIFO_MEM/fifo_MEM_reg[0][1]
  Impl DFF        Imp:/WORK/SYS_TOP/U0_UART_FIFO/u0_FIFO_MEM/fifo_MEM_reg[0][1]

  Ref  DFF        Ref:/WORK/SYS_TOP/U0_UART_FIFO/u0_FIFO_MEM/fifo_MEM_reg[0][2]
  Impl DFF        Imp:/WORK/SYS_TOP/U0_UART_FIFO/u0_FIFO_MEM/fifo_MEM_reg[0][2]

  Ref  DFF        Ref:/WORK/SYS_TOP/U0_UART_FIFO/u0_FIFO_MEM/fifo_MEM_reg[0][3]
  Impl DFF        Imp:/WORK/SYS_TOP/U0_UART_FIFO/u0_FIFO_MEM/fifo_MEM_reg[0][3]

  Ref  DFF        Ref:/WORK/SYS_TOP/U0_UART_FIFO/u0_FIFO_MEM/fifo_MEM_reg[0][4]
  Impl DFF        Imp:/WORK/SYS_TOP/U0_UART_FIFO/u0_FIFO_MEM/fifo_MEM_reg[0][4]

  Ref  DFF        Ref:/WORK/SYS_TOP/U0_UART_FIFO/u0_FIFO_MEM/fifo_MEM_reg[0][5]
  Impl DFF        Imp:/WORK/SYS_TOP/U0_UART_FIFO/u0_FIFO_MEM/fifo_MEM_reg[0][5]

  Ref  DFF        Ref:/WORK/SYS_TOP/U0_UART_FIFO/u0_FIFO_MEM/fifo_MEM_reg[0][6]
  Impl DFF        Imp:/WORK/SYS_TOP/U0_UART_FIFO/u0_FIFO_MEM/fifo_MEM_reg[0][6]

  Ref  DFF        Ref:/WORK/SYS_TOP/U0_UART_FIFO/u0_FIFO_MEM/fifo_MEM_reg[0][7]
  Impl DFF        Imp:/WORK/SYS_TOP/U0_UART_FIFO/u0_FIFO_MEM/fifo_MEM_reg[0][7]

  Ref  DFF        Ref:/WORK/SYS_TOP/U0_UART_FIFO/u0_FIFO_MEM/fifo_MEM_reg[1][0]
  Impl DFF        Imp:/WORK/SYS_TOP/U0_UART_FIFO/u0_FIFO_MEM/fifo_MEM_reg[1][0]

  Ref  DFF        Ref:/WORK/SYS_TOP/U0_UART_FIFO/u0_FIFO_MEM/fifo_MEM_reg[1][1]
  Impl DFF        Imp:/WORK/SYS_TOP/U0_UART_FIFO/u0_FIFO_MEM/fifo_MEM_reg[1][1]

  Ref  DFF        Ref:/WORK/SYS_TOP/U0_UART_FIFO/u0_FIFO_MEM/fifo_MEM_reg[1][2]
  Impl DFF        Imp:/WORK/SYS_TOP/U0_UART_FIFO/u0_FIFO_MEM/fifo_MEM_reg[1][2]

  Ref  DFF        Ref:/WORK/SYS_TOP/U0_UART_FIFO/u0_FIFO_MEM/fifo_MEM_reg[1][3]
  Impl DFF        Imp:/WORK/SYS_TOP/U0_UART_FIFO/u0_FIFO_MEM/fifo_MEM_reg[1][3]

  Ref  DFF        Ref:/WORK/SYS_TOP/U0_UART_FIFO/u0_FIFO_MEM/fifo_MEM_reg[1][4]
  Impl DFF        Imp:/WORK/SYS_TOP/U0_UART_FIFO/u0_FIFO_MEM/fifo_MEM_reg[1][4]

  Ref  DFF        Ref:/WORK/SYS_TOP/U0_UART_FIFO/u0_FIFO_MEM/fifo_MEM_reg[1][5]
  Impl DFF        Imp:/WORK/SYS_TOP/U0_UART_FIFO/u0_FIFO_MEM/fifo_MEM_reg[1][5]

  Ref  DFF        Ref:/WORK/SYS_TOP/U0_UART_FIFO/u0_FIFO_MEM/fifo_MEM_reg[1][6]
  Impl DFF        Imp:/WORK/SYS_TOP/U0_UART_FIFO/u0_FIFO_MEM/fifo_MEM_reg[1][6]

  Ref  DFF        Ref:/WORK/SYS_TOP/U0_UART_FIFO/u0_FIFO_MEM/fifo_MEM_reg[1][7]
  Impl DFF        Imp:/WORK/SYS_TOP/U0_UART_FIFO/u0_FIFO_MEM/fifo_MEM_reg[1][7]

  Ref  DFF        Ref:/WORK/SYS_TOP/U0_UART_FIFO/u0_FIFO_MEM/fifo_MEM_reg[2][0]
  Impl DFF        Imp:/WORK/SYS_TOP/U0_UART_FIFO/u0_FIFO_MEM/fifo_MEM_reg[2][0]

  Ref  DFF        Ref:/WORK/SYS_TOP/U0_UART_FIFO/u0_FIFO_MEM/fifo_MEM_reg[2][1]
  Impl DFF        Imp:/WORK/SYS_TOP/U0_UART_FIFO/u0_FIFO_MEM/fifo_MEM_reg[2][1]

  Ref  DFF        Ref:/WORK/SYS_TOP/U0_UART_FIFO/u0_FIFO_MEM/fifo_MEM_reg[2][2]
  Impl DFF        Imp:/WORK/SYS_TOP/U0_UART_FIFO/u0_FIFO_MEM/fifo_MEM_reg[2][2]

  Ref  DFF        Ref:/WORK/SYS_TOP/U0_UART_FIFO/u0_FIFO_MEM/fifo_MEM_reg[2][3]
  Impl DFF        Imp:/WORK/SYS_TOP/U0_UART_FIFO/u0_FIFO_MEM/fifo_MEM_reg[2][3]

  Ref  DFF        Ref:/WORK/SYS_TOP/U0_UART_FIFO/u0_FIFO_MEM/fifo_MEM_reg[2][4]
  Impl DFF        Imp:/WORK/SYS_TOP/U0_UART_FIFO/u0_FIFO_MEM/fifo_MEM_reg[2][4]

  Ref  DFF        Ref:/WORK/SYS_TOP/U0_UART_FIFO/u0_FIFO_MEM/fifo_MEM_reg[2][5]
  Impl DFF        Imp:/WORK/SYS_TOP/U0_UART_FIFO/u0_FIFO_MEM/fifo_MEM_reg[2][5]

  Ref  DFF        Ref:/WORK/SYS_TOP/U0_UART_FIFO/u0_FIFO_MEM/fifo_MEM_reg[2][6]
  Impl DFF        Imp:/WORK/SYS_TOP/U0_UART_FIFO/u0_FIFO_MEM/fifo_MEM_reg[2][6]

  Ref  DFF        Ref:/WORK/SYS_TOP/U0_UART_FIFO/u0_FIFO_MEM/fifo_MEM_reg[2][7]
  Impl DFF        Imp:/WORK/SYS_TOP/U0_UART_FIFO/u0_FIFO_MEM/fifo_MEM_reg[2][7]

  Ref  DFF        Ref:/WORK/SYS_TOP/U0_UART_FIFO/u0_FIFO_MEM/fifo_MEM_reg[3][0]
  Impl DFF        Imp:/WORK/SYS_TOP/U0_UART_FIFO/u0_FIFO_MEM/fifo_MEM_reg[3][0]

  Ref  DFF        Ref:/WORK/SYS_TOP/U0_UART_FIFO/u0_FIFO_MEM/fifo_MEM_reg[3][1]
  Impl DFF        Imp:/WORK/SYS_TOP/U0_UART_FIFO/u0_FIFO_MEM/fifo_MEM_reg[3][1]

  Ref  DFF        Ref:/WORK/SYS_TOP/U0_UART_FIFO/u0_FIFO_MEM/fifo_MEM_reg[3][2]
  Impl DFF        Imp:/WORK/SYS_TOP/U0_UART_FIFO/u0_FIFO_MEM/fifo_MEM_reg[3][2]

  Ref  DFF        Ref:/WORK/SYS_TOP/U0_UART_FIFO/u0_FIFO_MEM/fifo_MEM_reg[3][3]
  Impl DFF        Imp:/WORK/SYS_TOP/U0_UART_FIFO/u0_FIFO_MEM/fifo_MEM_reg[3][3]

  Ref  DFF        Ref:/WORK/SYS_TOP/U0_UART_FIFO/u0_FIFO_MEM/fifo_MEM_reg[3][4]
  Impl DFF        Imp:/WORK/SYS_TOP/U0_UART_FIFO/u0_FIFO_MEM/fifo_MEM_reg[3][4]

  Ref  DFF        Ref:/WORK/SYS_TOP/U0_UART_FIFO/u0_FIFO_MEM/fifo_MEM_reg[3][5]
  Impl DFF        Imp:/WORK/SYS_TOP/U0_UART_FIFO/u0_FIFO_MEM/fifo_MEM_reg[3][5]

  Ref  DFF        Ref:/WORK/SYS_TOP/U0_UART_FIFO/u0_FIFO_MEM/fifo_MEM_reg[3][6]
  Impl DFF        Imp:/WORK/SYS_TOP/U0_UART_FIFO/u0_FIFO_MEM/fifo_MEM_reg[3][6]

  Ref  DFF        Ref:/WORK/SYS_TOP/U0_UART_FIFO/u0_FIFO_MEM/fifo_MEM_reg[3][7]
  Impl DFF        Imp:/WORK/SYS_TOP/U0_UART_FIFO/u0_FIFO_MEM/fifo_MEM_reg[3][7]

  Ref  DFF        Ref:/WORK/SYS_TOP/U0_UART_FIFO/u0_FIFO_MEM/fifo_MEM_reg[4][0]
  Impl DFF        Imp:/WORK/SYS_TOP/U0_UART_FIFO/u0_FIFO_MEM/fifo_MEM_reg[4][0]

  Ref  DFF        Ref:/WORK/SYS_TOP/U0_UART_FIFO/u0_FIFO_MEM/fifo_MEM_reg[4][1]
  Impl DFF        Imp:/WORK/SYS_TOP/U0_UART_FIFO/u0_FIFO_MEM/fifo_MEM_reg[4][1]

  Ref  DFF        Ref:/WORK/SYS_TOP/U0_UART_FIFO/u0_FIFO_MEM/fifo_MEM_reg[4][2]
  Impl DFF        Imp:/WORK/SYS_TOP/U0_UART_FIFO/u0_FIFO_MEM/fifo_MEM_reg[4][2]

  Ref  DFF        Ref:/WORK/SYS_TOP/U0_UART_FIFO/u0_FIFO_MEM/fifo_MEM_reg[4][3]
  Impl DFF        Imp:/WORK/SYS_TOP/U0_UART_FIFO/u0_FIFO_MEM/fifo_MEM_reg[4][3]

  Ref  DFF        Ref:/WORK/SYS_TOP/U0_UART_FIFO/u0_FIFO_MEM/fifo_MEM_reg[4][4]
  Impl DFF        Imp:/WORK/SYS_TOP/U0_UART_FIFO/u0_FIFO_MEM/fifo_MEM_reg[4][4]

  Ref  DFF        Ref:/WORK/SYS_TOP/U0_UART_FIFO/u0_FIFO_MEM/fifo_MEM_reg[4][5]
  Impl DFF        Imp:/WORK/SYS_TOP/U0_UART_FIFO/u0_FIFO_MEM/fifo_MEM_reg[4][5]

  Ref  DFF        Ref:/WORK/SYS_TOP/U0_UART_FIFO/u0_FIFO_MEM/fifo_MEM_reg[4][6]
  Impl DFF        Imp:/WORK/SYS_TOP/U0_UART_FIFO/u0_FIFO_MEM/fifo_MEM_reg[4][6]

  Ref  DFF        Ref:/WORK/SYS_TOP/U0_UART_FIFO/u0_FIFO_MEM/fifo_MEM_reg[4][7]
  Impl DFF        Imp:/WORK/SYS_TOP/U0_UART_FIFO/u0_FIFO_MEM/fifo_MEM_reg[4][7]

  Ref  DFF        Ref:/WORK/SYS_TOP/U0_UART_FIFO/u0_FIFO_MEM/fifo_MEM_reg[5][0]
  Impl DFF        Imp:/WORK/SYS_TOP/U0_UART_FIFO/u0_FIFO_MEM/fifo_MEM_reg[5][0]

  Ref  DFF        Ref:/WORK/SYS_TOP/U0_UART_FIFO/u0_FIFO_MEM/fifo_MEM_reg[5][1]
  Impl DFF        Imp:/WORK/SYS_TOP/U0_UART_FIFO/u0_FIFO_MEM/fifo_MEM_reg[5][1]

  Ref  DFF        Ref:/WORK/SYS_TOP/U0_UART_FIFO/u0_FIFO_MEM/fifo_MEM_reg[5][2]
  Impl DFF        Imp:/WORK/SYS_TOP/U0_UART_FIFO/u0_FIFO_MEM/fifo_MEM_reg[5][2]

  Ref  DFF        Ref:/WORK/SYS_TOP/U0_UART_FIFO/u0_FIFO_MEM/fifo_MEM_reg[5][3]
  Impl DFF        Imp:/WORK/SYS_TOP/U0_UART_FIFO/u0_FIFO_MEM/fifo_MEM_reg[5][3]

  Ref  DFF        Ref:/WORK/SYS_TOP/U0_UART_FIFO/u0_FIFO_MEM/fifo_MEM_reg[5][4]
  Impl DFF        Imp:/WORK/SYS_TOP/U0_UART_FIFO/u0_FIFO_MEM/fifo_MEM_reg[5][4]

  Ref  DFF        Ref:/WORK/SYS_TOP/U0_UART_FIFO/u0_FIFO_MEM/fifo_MEM_reg[5][5]
  Impl DFF        Imp:/WORK/SYS_TOP/U0_UART_FIFO/u0_FIFO_MEM/fifo_MEM_reg[5][5]

  Ref  DFF        Ref:/WORK/SYS_TOP/U0_UART_FIFO/u0_FIFO_MEM/fifo_MEM_reg[5][6]
  Impl DFF        Imp:/WORK/SYS_TOP/U0_UART_FIFO/u0_FIFO_MEM/fifo_MEM_reg[5][6]

  Ref  DFF        Ref:/WORK/SYS_TOP/U0_UART_FIFO/u0_FIFO_MEM/fifo_MEM_reg[5][7]
  Impl DFF        Imp:/WORK/SYS_TOP/U0_UART_FIFO/u0_FIFO_MEM/fifo_MEM_reg[5][7]

  Ref  DFF        Ref:/WORK/SYS_TOP/U0_UART_FIFO/u0_FIFO_MEM/fifo_MEM_reg[6][0]
  Impl DFF        Imp:/WORK/SYS_TOP/U0_UART_FIFO/u0_FIFO_MEM/fifo_MEM_reg[6][0]

  Ref  DFF        Ref:/WORK/SYS_TOP/U0_UART_FIFO/u0_FIFO_MEM/fifo_MEM_reg[6][1]
  Impl DFF        Imp:/WORK/SYS_TOP/U0_UART_FIFO/u0_FIFO_MEM/fifo_MEM_reg[6][1]

  Ref  DFF        Ref:/WORK/SYS_TOP/U0_UART_FIFO/u0_FIFO_MEM/fifo_MEM_reg[6][2]
  Impl DFF        Imp:/WORK/SYS_TOP/U0_UART_FIFO/u0_FIFO_MEM/fifo_MEM_reg[6][2]

  Ref  DFF        Ref:/WORK/SYS_TOP/U0_UART_FIFO/u0_FIFO_MEM/fifo_MEM_reg[6][3]
  Impl DFF        Imp:/WORK/SYS_TOP/U0_UART_FIFO/u0_FIFO_MEM/fifo_MEM_reg[6][3]

  Ref  DFF        Ref:/WORK/SYS_TOP/U0_UART_FIFO/u0_FIFO_MEM/fifo_MEM_reg[6][4]
  Impl DFF        Imp:/WORK/SYS_TOP/U0_UART_FIFO/u0_FIFO_MEM/fifo_MEM_reg[6][4]

  Ref  DFF        Ref:/WORK/SYS_TOP/U0_UART_FIFO/u0_FIFO_MEM/fifo_MEM_reg[6][5]
  Impl DFF        Imp:/WORK/SYS_TOP/U0_UART_FIFO/u0_FIFO_MEM/fifo_MEM_reg[6][5]

  Ref  DFF        Ref:/WORK/SYS_TOP/U0_UART_FIFO/u0_FIFO_MEM/fifo_MEM_reg[6][6]
  Impl DFF        Imp:/WORK/SYS_TOP/U0_UART_FIFO/u0_FIFO_MEM/fifo_MEM_reg[6][6]

  Ref  DFF        Ref:/WORK/SYS_TOP/U0_UART_FIFO/u0_FIFO_MEM/fifo_MEM_reg[6][7]
  Impl DFF        Imp:/WORK/SYS_TOP/U0_UART_FIFO/u0_FIFO_MEM/fifo_MEM_reg[6][7]

  Ref  DFF        Ref:/WORK/SYS_TOP/U0_UART_FIFO/u0_FIFO_MEM/fifo_MEM_reg[7][0]
  Impl DFF        Imp:/WORK/SYS_TOP/U0_UART_FIFO/u0_FIFO_MEM/fifo_MEM_reg[7][0]

  Ref  DFF        Ref:/WORK/SYS_TOP/U0_UART_FIFO/u0_FIFO_MEM/fifo_MEM_reg[7][1]
  Impl DFF        Imp:/WORK/SYS_TOP/U0_UART_FIFO/u0_FIFO_MEM/fifo_MEM_reg[7][1]

  Ref  DFF        Ref:/WORK/SYS_TOP/U0_UART_FIFO/u0_FIFO_MEM/fifo_MEM_reg[7][2]
  Impl DFF        Imp:/WORK/SYS_TOP/U0_UART_FIFO/u0_FIFO_MEM/fifo_MEM_reg[7][2]

  Ref  DFF        Ref:/WORK/SYS_TOP/U0_UART_FIFO/u0_FIFO_MEM/fifo_MEM_reg[7][3]
  Impl DFF        Imp:/WORK/SYS_TOP/U0_UART_FIFO/u0_FIFO_MEM/fifo_MEM_reg[7][3]

  Ref  DFF        Ref:/WORK/SYS_TOP/U0_UART_FIFO/u0_FIFO_MEM/fifo_MEM_reg[7][4]
  Impl DFF        Imp:/WORK/SYS_TOP/U0_UART_FIFO/u0_FIFO_MEM/fifo_MEM_reg[7][4]

  Ref  DFF        Ref:/WORK/SYS_TOP/U0_UART_FIFO/u0_FIFO_MEM/fifo_MEM_reg[7][5]
  Impl DFF        Imp:/WORK/SYS_TOP/U0_UART_FIFO/u0_FIFO_MEM/fifo_MEM_reg[7][5]

  Ref  DFF        Ref:/WORK/SYS_TOP/U0_UART_FIFO/u0_FIFO_MEM/fifo_MEM_reg[7][6]
  Impl DFF        Imp:/WORK/SYS_TOP/U0_UART_FIFO/u0_FIFO_MEM/fifo_MEM_reg[7][6]

  Ref  DFF        Ref:/WORK/SYS_TOP/U0_UART_FIFO/u0_FIFO_MEM/fifo_MEM_reg[7][7]
  Impl DFF        Imp:/WORK/SYS_TOP/U0_UART_FIFO/u0_FIFO_MEM/fifo_MEM_reg[7][7]

  Ref  DFF        Ref:/WORK/SYS_TOP/U0_UART_FIFO/u1_Wd_PTR/Wd_ptr_u0/wptr_reg[0]
  Impl DFF        Imp:/WORK/SYS_TOP/U0_UART_FIFO/u1_Wd_PTR/Wd_ptr_u0/wptr_reg[0]

  Ref  DFF        Ref:/WORK/SYS_TOP/U0_UART_FIFO/u1_Wd_PTR/Wd_ptr_u0/wptr_reg[1]
  Impl DFF        Imp:/WORK/SYS_TOP/U0_UART_FIFO/u1_Wd_PTR/Wd_ptr_u0/wptr_reg[1]

  Ref  DFF        Ref:/WORK/SYS_TOP/U0_UART_FIFO/u1_Wd_PTR/Wd_ptr_u0/wptr_reg[2]
  Impl DFF        Imp:/WORK/SYS_TOP/U0_UART_FIFO/u1_Wd_PTR/Wd_ptr_u0/wptr_reg[2]

  Ref  DFF        Ref:/WORK/SYS_TOP/U0_UART_FIFO/u1_Wd_PTR/Wd_ptr_u0/wptr_reg[3]
  Impl DFF        Imp:/WORK/SYS_TOP/U0_UART_FIFO/u1_Wd_PTR/Wd_ptr_u0/wptr_reg[3]

  Ref  DFF        Ref:/WORK/SYS_TOP/U0_UART_FIFO/u2_Rd_PTR/Rd_ptr_u0/rptr_reg[0]
  Impl DFF        Imp:/WORK/SYS_TOP/U0_UART_FIFO/u2_Rd_PTR/Rd_ptr_u0/rptr_reg[0]

  Ref  DFF        Ref:/WORK/SYS_TOP/U0_UART_FIFO/u2_Rd_PTR/Rd_ptr_u0/rptr_reg[1]
  Impl DFF        Imp:/WORK/SYS_TOP/U0_UART_FIFO/u2_Rd_PTR/Rd_ptr_u0/rptr_reg[1]

  Ref  DFF        Ref:/WORK/SYS_TOP/U0_UART_FIFO/u2_Rd_PTR/Rd_ptr_u0/rptr_reg[2]
  Impl DFF        Imp:/WORK/SYS_TOP/U0_UART_FIFO/u2_Rd_PTR/Rd_ptr_u0/rptr_reg[2]

  Ref  DFF        Ref:/WORK/SYS_TOP/U0_UART_FIFO/u2_Rd_PTR/Rd_ptr_u0/rptr_reg[3]
  Impl DFF        Imp:/WORK/SYS_TOP/U0_UART_FIFO/u2_Rd_PTR/Rd_ptr_u0/rptr_reg[3]

  Ref  DFF        Ref:/WORK/SYS_TOP/U0_ref_sync/Multi_FF_reg
  Impl DFF        Imp:/WORK/SYS_TOP/U0_ref_sync/Multi_FF_reg

  Ref  DFF        Ref:/WORK/SYS_TOP/U0_ref_sync/PG_FF_reg
  Impl DFF        Imp:/WORK/SYS_TOP/U0_ref_sync/PG_FF_reg

  Ref  DFF        Ref:/WORK/SYS_TOP/U0_ref_sync/SYN_FLOPS_reg[0]
  Impl DFF        Imp:/WORK/SYS_TOP/U0_ref_sync/SYN_FLOPS_reg[0]

  Ref  DFF        Ref:/WORK/SYS_TOP/U0_ref_sync/SYN_FLOPS_reg[1]
  Impl DFF        Imp:/WORK/SYS_TOP/U0_ref_sync/SYN_FLOPS_reg[1]

  Ref  DFF        Ref:/WORK/SYS_TOP/U0_ref_sync/enable_pulse_reg
  Impl DFF        Imp:/WORK/SYS_TOP/U0_ref_sync/enable_pulse_reg

  Ref  DFF        Ref:/WORK/SYS_TOP/U0_ref_sync/sync_bus_reg[0]
  Impl DFF        Imp:/WORK/SYS_TOP/U0_ref_sync/sync_bus_reg[0]

  Ref  DFF        Ref:/WORK/SYS_TOP/U0_ref_sync/sync_bus_reg[1]
  Impl DFF        Imp:/WORK/SYS_TOP/U0_ref_sync/sync_bus_reg[1]

  Ref  DFF        Ref:/WORK/SYS_TOP/U0_ref_sync/sync_bus_reg[2]
  Impl DFF        Imp:/WORK/SYS_TOP/U0_ref_sync/sync_bus_reg[2]

  Ref  DFF        Ref:/WORK/SYS_TOP/U0_ref_sync/sync_bus_reg[3]
  Impl DFF        Imp:/WORK/SYS_TOP/U0_ref_sync/sync_bus_reg[3]

  Ref  DFF        Ref:/WORK/SYS_TOP/U0_ref_sync/sync_bus_reg[4]
  Impl DFF        Imp:/WORK/SYS_TOP/U0_ref_sync/sync_bus_reg[4]

  Ref  DFF        Ref:/WORK/SYS_TOP/U0_ref_sync/sync_bus_reg[5]
  Impl DFF        Imp:/WORK/SYS_TOP/U0_ref_sync/sync_bus_reg[5]

  Ref  DFF        Ref:/WORK/SYS_TOP/U0_ref_sync/sync_bus_reg[6]
  Impl DFF        Imp:/WORK/SYS_TOP/U0_ref_sync/sync_bus_reg[6]

  Ref  DFF        Ref:/WORK/SYS_TOP/U0_ref_sync/sync_bus_reg[7]
  Impl DFF        Imp:/WORK/SYS_TOP/U0_ref_sync/sync_bus_reg[7]

  Ref  DFF        Ref:/WORK/SYS_TOP/U1_ClkDiv/div_CLK_FF_reg
  Impl DFF        Imp:/WORK/SYS_TOP/U1_ClkDiv/div_CLK_FF_reg

  Ref  DFF        Ref:/WORK/SYS_TOP/U1_ClkDiv/edge_count_reg[0]
  Impl DFF        Imp:/WORK/SYS_TOP/U1_ClkDiv/edge_count_reg[0]

  Ref  DFF        Ref:/WORK/SYS_TOP/U1_ClkDiv/edge_count_reg[1]
  Impl DFF        Imp:/WORK/SYS_TOP/U1_ClkDiv/edge_count_reg[1]

  Ref  DFF        Ref:/WORK/SYS_TOP/U1_ClkDiv/edge_count_reg[2]
  Impl DFF        Imp:/WORK/SYS_TOP/U1_ClkDiv/edge_count_reg[2]

  Ref  DFF        Ref:/WORK/SYS_TOP/U1_ClkDiv/edge_count_reg[3]
  Impl DFF        Imp:/WORK/SYS_TOP/U1_ClkDiv/edge_count_reg[3]

  Ref  DFF        Ref:/WORK/SYS_TOP/U1_ClkDiv/edge_count_reg[4]
  Impl DFF        Imp:/WORK/SYS_TOP/U1_ClkDiv/edge_count_reg[4]

  Ref  DFF        Ref:/WORK/SYS_TOP/U1_ClkDiv/edge_count_reg[5]
  Impl DFF        Imp:/WORK/SYS_TOP/U1_ClkDiv/edge_count_reg[5]

  Ref  DFF        Ref:/WORK/SYS_TOP/U1_ClkDiv/edge_count_reg[6]
  Impl DFF        Imp:/WORK/SYS_TOP/U1_ClkDiv/edge_count_reg[6]

  Ref  DFF        Ref:/WORK/SYS_TOP/U1_ClkDiv/edge_count_reg[7]
  Impl DFF        Imp:/WORK/SYS_TOP/U1_ClkDiv/edge_count_reg[7]

  Ref  DFF        Ref:/WORK/SYS_TOP/U1_RST_SYNC/SYNC_RST_reg
  Impl DFF        Imp:/WORK/SYS_TOP/U1_RST_SYNC/SYNC_RST_reg

  Ref  DFF        Ref:/WORK/SYS_TOP/U1_RST_SYNC/SYN_FLOPS_reg[0]
  Impl DFF        Imp:/WORK/SYS_TOP/U1_RST_SYNC/SYN_FLOPS_reg[0]

  Ref  DFF        Ref:/WORK/SYS_TOP/U1_RST_SYNC/SYN_FLOPS_reg[1]
  Impl DFF        Imp:/WORK/SYS_TOP/U1_RST_SYNC/SYN_FLOPS_reg[1]

  Ref  Port       Ref:/WORK/SYS_TOP/UART_TX_O
  Impl Port       Imp:/WORK/SYS_TOP/UART_TX_O

  Ref  Port       Ref:/WORK/SYS_TOP/framing_error
  Impl Port       Imp:/WORK/SYS_TOP/framing_error

  Ref  Port       Ref:/WORK/SYS_TOP/parity_error
  Impl Port       Imp:/WORK/SYS_TOP/parity_error

  Ref  Port       Ref:/WORK/SYS_TOP/sys_Error
  Impl Port       Imp:/WORK/SYS_TOP/sys_Error

 [BBNet: multiply-driven net
  BBPin: black-box pin
  Cut:   cut-point
  DFF:   non-constant DFF register
  DFF0:  constant 0 DFF register
  DFF1:  constant 1 DFF register
  DFFX:  constant X DFF register
  DFF0X: constrained 0X DFF register
  DFF1X: constrained 1X DFF register
  LAT:   non-constant latch register
  LAT0:  constant 0 latch register
  LAT1:  constant 1 latch register
  LATX:  constant X latch register
  LAT0X: constrained 0X latch register
  LAT1X: constrained 1X latch register
  LATCG: clock-gating latch register
  TLA:   transparent latch register
  TLA0X: transparent constrained 0X latch register
  TLA1X: transparent constrained 1X latch register
  Loop:  cycle break point
  Port:  primary (top-level) port
  Und:   undriven signal cut-point
  Unk:   unknown signal cut-point]

1
